Using pre-set license
Built from '2022.3/release' branch; Version is '2022.3.61f1 (6c53ebaf375d) revision 7099371'; Using compiler version '192829333'; Build Type 'Release'
OS: 'Windows 11  (10.0.26100) 64bit Professional' Language: 'en' Physical Memory: 30459 MB
BatchMode: 1, IsHumanControllingUs: 0, StartBugReporterOnCrash: 0, Is64bit: 1, IsPro: 1

COMMAND LINE ARGUMENTS:
C:\Program Files\Unity\Hub\Editor\2022.3.61f1\Editor\Unity.exe
-adb2
-batchMode
-noUpm
-name
AssetImportWorker1
-projectPath
C:/Users/Dominic/AVR402 Demo/AVR402DemoS326
-logFile
Logs/AssetImportWorker1.log
-srvPort
64301
Successfully changed project path to: C:/Users/Dominic/AVR402 Demo/AVR402DemoS326
C:/Users/Dominic/AVR402 Demo/AVR402DemoS326
[UnityMemory] Configuration Parameters - Can be set up in boot.config
    "memorysetup-bucket-allocator-granularity=16"
    "memorysetup-bucket-allocator-bucket-count=8"
    "memorysetup-bucket-allocator-block-size=33554432"
    "memorysetup-bucket-allocator-block-count=8"
    "memorysetup-main-allocator-block-size=16777216"
    "memorysetup-thread-allocator-block-size=16777216"
    "memorysetup-gfx-main-allocator-block-size=16777216"
    "memorysetup-gfx-thread-allocator-block-size=16777216"
    "memorysetup-cache-allocator-block-size=4194304"
    "memorysetup-typetree-allocator-block-size=2097152"
    "memorysetup-profiler-bucket-allocator-granularity=16"
    "memorysetup-profiler-bucket-allocator-bucket-count=8"
    "memorysetup-profiler-bucket-allocator-block-size=33554432"
    "memorysetup-profiler-bucket-allocator-block-count=8"
    "memorysetup-profiler-allocator-block-size=16777216"
    "memorysetup-profiler-editor-allocator-block-size=1048576"
    "memorysetup-temp-allocator-size-main=16777216"
    "memorysetup-job-temp-allocator-block-size=2097152"
    "memorysetup-job-temp-allocator-block-size-background=1048576"
    "memorysetup-job-temp-allocator-reduction-small-platforms=262144"
    "memorysetup-allocator-temp-initial-block-size-main=262144"
    "memorysetup-allocator-temp-initial-block-size-worker=262144"
    "memorysetup-temp-allocator-size-background-worker=32768"
    "memorysetup-temp-allocator-size-job-worker=262144"
    "memorysetup-temp-allocator-size-preload-manager=33554432"
    "memorysetup-temp-allocator-size-nav-mesh-worker=65536"
    "memorysetup-temp-allocator-size-audio-worker=65536"
    "memorysetup-temp-allocator-size-cloud-worker=32768"
    "memorysetup-temp-allocator-size-gi-baking-worker=262144"
    "memorysetup-temp-allocator-size-gfx=262144"
Player connection [8564]  Target information:

Player connection [8564]  * "[IP] 192.168.9.52 [Port] 0 [Flags] 2 [Guid] 609058962 [EditorId] 609058962 [Version] 1048832 [Id] WindowsEditor(7,WIN-ARTPUPCS4R5) [Debug] 1 [PackageName] WindowsEditor [ProjectName] Editor" 

Player connection [8564] Host joined multi-casting on [225.0.0.222:54997]...
Player connection [8564] Host joined alternative multi-casting on [225.0.0.222:34997]...
Input System module state changed to: Initialized.
[PhysX] Initialized MultithreadedTaskDispatcher with 16 workers.
Refreshing native plugins compatible for Editor in 3756.27 ms, found 3 plugins.
Preloading 0 native plugins for Editor in 0.00 ms.
Initialize engine version: 2022.3.61f1 (6c53ebaf375d)
[Subsystems] Discovering subsystems at path C:/Program Files/Unity/Hub/Editor/2022.3.61f1/Editor/Data/Resources/UnitySubsystems
[Subsystems] Discovering subsystems at path C:/Users/Dominic/AVR402 Demo/AVR402DemoS326/Assets
GfxDevice: creating device client; threaded=0; jobified=0
Direct3D:
    Version:  Direct3D 11.0 [level 11.1]
    Renderer: AMD Radeon(TM) 680M (ID=0x1681)
    Vendor:   ATI
    VRAM:     15229 MB
    Driver:   31.0.14077.1002
Initialize mono
Mono path[0] = 'C:/Program Files/Unity/Hub/Editor/2022.3.61f1/Editor/Data/Managed'
Mono path[1] = 'C:/Program Files/Unity/Hub/Editor/2022.3.61f1/Editor/Data/MonoBleedingEdge/lib/mono/unityjit-win32'
Mono config path = 'C:/Program Files/Unity/Hub/Editor/2022.3.61f1/Editor/Data/MonoBleedingEdge/etc'
Using monoOptions --debugger-agent=transport=dt_socket,embedding=1,server=y,suspend=n,address=127.0.0.1:56252
Begin MonoManager ReloadAssembly
Registering precompiled unity dll's ...
Register platform support module: C:/Program Files/Unity/Hub/Editor/2022.3.61f1/Editor/Data/PlaybackEngines/WindowsStandaloneSupport/UnityEditor.WindowsStandalone.Extensions.dll
Registered in 0.010991 seconds.
- Loaded All Assemblies, in 15.548 seconds
Native extension for WindowsStandalone target not found
Mono: successfully reloaded assembly
- Finished resetting the current domain, in  0.532 seconds
Domain Reload Profiling: 16077ms
	BeginReloadAssembly (11594ms)
		ExecutionOrderSort (0ms)
		DisableScriptedObjects (0ms)
		BackupInstance (0ms)
		ReleaseScriptingObjects (0ms)
		CreateAndSetChildDomain (1ms)
	RebuildCommonClasses (1192ms)
	RebuildNativeTypeToScriptingClass (19ms)
	initialDomainReloadingComplete (114ms)
	LoadAllAssembliesAndSetupDomain (2626ms)
		LoadAssemblies (11604ms)
		RebuildTransferFunctionScriptingTraits (0ms)
		AnalyzeDomain (2611ms)
			TypeCache.Refresh (2609ms)
				TypeCache.ScanAssembly (1775ms)
			ScanForSourceGeneratedMonoScriptInfo (1ms)
			ResolveRequiredComponents (1ms)
	FinalizeReload (533ms)
		ReleaseScriptCaches (0ms)
		RebuildScriptCaches (0ms)
		SetupLoadedEditorAssemblies (443ms)
			LogAssemblyErrors (0ms)
			InitializePlatformSupportModulesInManaged (18ms)
			SetLoadedEditorAssemblies (16ms)
			RefreshPlugins (0ms)
			BeforeProcessingInitializeOnLoad (5ms)
			ProcessInitializeOnLoadAttributes (304ms)
			ProcessInitializeOnLoadMethodAttributes (99ms)
			AfterProcessingInitializeOnLoad (0ms)
			EditorAssembliesLoaded (0ms)
		ExecutionOrderSort2 (0ms)
		AwakeInstancesAfterBackupRestoration (0ms)
========================================================================
Worker process is ready to serve import requests
Caller must complete domain reload
Begin MonoManager ReloadAssembly
- Loaded All Assemblies, in 11.795 seconds
Native extension for WindowsStandalone target not found
Mono: successfully reloaded assembly
- Finished resetting the current domain, in  1.032 seconds
Domain Reload Profiling: 12826ms
	BeginReloadAssembly (116ms)
		ExecutionOrderSort (0ms)
		DisableScriptedObjects (4ms)
		BackupInstance (0ms)
		ReleaseScriptingObjects (0ms)
		CreateAndSetChildDomain (20ms)
	RebuildCommonClasses (24ms)
	RebuildNativeTypeToScriptingClass (7ms)
	initialDomainReloadingComplete (32ms)
	LoadAllAssembliesAndSetupDomain (11613ms)
		LoadAssemblies (11045ms)
		RebuildTransferFunctionScriptingTraits (0ms)
		AnalyzeDomain (633ms)
			TypeCache.Refresh (590ms)
				TypeCache.ScanAssembly (568ms)
			ScanForSourceGeneratedMonoScriptInfo (30ms)
			ResolveRequiredComponents (10ms)
	FinalizeReload (1032ms)
		ReleaseScriptCaches (0ms)
		RebuildScriptCaches (0ms)
		SetupLoadedEditorAssemblies (777ms)
			LogAssemblyErrors (0ms)
			InitializePlatformSupportModulesInManaged (11ms)
			SetLoadedEditorAssemblies (6ms)
			RefreshPlugins (0ms)
			BeforeProcessingInitializeOnLoad (92ms)
			ProcessInitializeOnLoadAttributes (628ms)
			ProcessInitializeOnLoadMethodAttributes (32ms)
			AfterProcessingInitializeOnLoad (8ms)
			EditorAssembliesLoaded (0ms)
		ExecutionOrderSort2 (0ms)
		AwakeInstancesAfterBackupRestoration (9ms)
Launched and connected shader compiler UnityShaderCompiler.exe after 0.04 seconds
Refreshing native plugins compatible for Editor in 3.93 ms, found 3 plugins.
Preloading 0 native plugins for Editor in 0.00 ms.
Unloading 3350 Unused Serialized files (Serialized files now loaded: 0)
Unloading 19 unused Assets / (55.2 KB). Loaded Objects now: 3837.
Memory consumption went from 133.8 MB to 133.8 MB.
Total: 3.125700 ms (FindLiveObjects: 0.257700 ms CreateObjectMapping: 0.115200 ms MarkObjects: 2.656800 ms  DeleteObjects: 0.095000 ms)

AssetImportParameters requested are different than current active one (requested -> active):
  custom:container-demuxer-ogg: 62fdf1f143b41e24485cea50d1cbac27 -> 
  custom:video-codec-MediaFoundation-h265: 746d11721c4dcdbdad8f713fa42b33f4 -> 
  custom:video-decoder-ogg-theora: a1e56fd34408186e4bbccfd4996cb3dc -> 
  custom:framework-win-MediaFoundation: 216162199b28c13a410421893ffa2e32 -> 
  custom:CustomObjectIndexerAttribute: 9a22284fe3817be447336de3de66b15e -> 
  custom:container-demuxer-webm: 4f35f7cbe854078d1ac9338744f61a02 -> 
  custom:container-muxer-webm: aa71ff27fc2769a1b78a27578f13a17b -> 
  custom:video-decoder-webm-vp8: 9c59270c3fd7afecdb556c50c9e8de78 -> 
  custom:SearchIndexIgnoredProperties: e643bd26f0fe6173181afceb89e7c659 -> 
  custom:AudioImporter_EditorPlatform: d09bf68614088b80899f8185d706f6e7 -> 
  custom:video-encoder-webm-vp8: eb34c28f22e8b96e1ab97ce403110664 -> 
  custom:audio-decoder-ogg-vorbis: bf7c407c2cedff20999df2af8eb42d56 -> 
  custom:audio-encoder-webm-vorbis: bf7c407c2cedff20999df2af8eb42d56 -> 
========================================================================
Received Import Request.
  Time since last request: 607060.744683 seconds.
  path: Assets/Scripts/CameraControllerNew.cs
  artifactKey: Guid(d02cf08025a55e84bb78000a615c9f80) Importer(815301076,1909f56bfc062723c751e8b465ee728b)
Start importing Assets/Scripts/CameraControllerNew.cs using Guid(d02cf08025a55e84bb78000a615c9f80) Importer(815301076,1909f56bfc062723c751e8b465ee728b) [PhysX] Initialized MultithreadedTaskDispatcher with 16 workers.
 -> (artifact id: 'a378c9d8487368017105f3543b4c46c2') in 0.003327 seconds
Number of updated asset objects reloaded before import = 0
Number of asset objects unloaded after import = 0
========================================================================
Received Prepare
Caller must complete domain reload
Begin MonoManager ReloadAssembly
- Loaded All Assemblies, in  0.495 seconds
Native extension for WindowsStandalone target not found
Mono: successfully reloaded assembly
- Finished resetting the current domain, in  1.310 seconds
Domain Reload Profiling: 1802ms
	BeginReloadAssembly (165ms)
		ExecutionOrderSort (0ms)
		DisableScriptedObjects (4ms)
		BackupInstance (0ms)
		ReleaseScriptingObjects (0ms)
		CreateAndSetChildDomain (36ms)
	RebuildCommonClasses (44ms)
	RebuildNativeTypeToScriptingClass (14ms)
	initialDomainReloadingComplete (37ms)
	LoadAllAssembliesAndSetupDomain (231ms)
		LoadAssemblies (300ms)
		RebuildTransferFunctionScriptingTraits (0ms)
		AnalyzeDomain (25ms)
			TypeCache.Refresh (8ms)
				TypeCache.ScanAssembly (1ms)
			ScanForSourceGeneratedMonoScriptInfo (8ms)
			ResolveRequiredComponents (7ms)
	FinalizeReload (1311ms)
		ReleaseScriptCaches (0ms)
		RebuildScriptCaches (0ms)
		SetupLoadedEditorAssemblies (591ms)
			LogAssemblyErrors (0ms)
			InitializePlatformSupportModulesInManaged (6ms)
			SetLoadedEditorAssemblies (3ms)
			RefreshPlugins (0ms)
			BeforeProcessingInitializeOnLoad (72ms)
			ProcessInitializeOnLoadAttributes (469ms)
			ProcessInitializeOnLoadMethodAttributes (30ms)
			AfterProcessingInitializeOnLoad (10ms)
			EditorAssembliesLoaded (0ms)
		ExecutionOrderSort2 (0ms)
		AwakeInstancesAfterBackupRestoration (11ms)
Refreshing native plugins compatible for Editor in 5.44 ms, found 3 plugins.
Preloading 0 native plugins for Editor in 0.00 ms.
Unloading 3342 Unused Serialized files (Serialized files now loaded: 0)
Unloading 14 unused Assets / (28.5 KB). Loaded Objects now: 3841.
Memory consumption went from 132.8 MB to 132.8 MB.
Total: 5.120300 ms (FindLiveObjects: 0.341900 ms CreateObjectMapping: 0.154100 ms MarkObjects: 4.515400 ms  DeleteObjects: 0.107400 ms)

Prepare: number of updated asset objects reloaded= 0
AssetImportParameters requested are different than current active one (requested -> active):
  custom:container-demuxer-ogg: 62fdf1f143b41e24485cea50d1cbac27 -> 
  custom:scripting/monoscript/fileName/SimpleCharacterMotor.cs: 514f472b55934d7c0c16364cba2bfeec -> 
  custom:video-codec-MediaFoundation-h265: 746d11721c4dcdbdad8f713fa42b33f4 -> 
  custom:video-decoder-ogg-theora: a1e56fd34408186e4bbccfd4996cb3dc -> 
  custom:framework-win-MediaFoundation: 216162199b28c13a410421893ffa2e32 -> 
  custom:scripting/monoscript/fileName/JetPack.cs: f12c39c79ae36cfc2bfee15e331aab82 -> 
  custom:scripting/monoscript/fileName/AdjustTimeScale.cs: 971e5da4fb9cdb787679da2cfc0c80de -> 
  custom:CustomObjectIndexerAttribute: 9a22284fe3817be447336de3de66b15e -> 
  custom:container-demuxer-webm: 4f35f7cbe854078d1ac9338744f61a02 -> 
  custom:scripting/monoscript/fileName/Collectable.cs: 6a6d5954f5faaedbf68170f8b53440ff -> 
  custom:container-muxer-webm: aa71ff27fc2769a1b78a27578f13a17b -> 
  custom:scripting/monoscript/fileName/RandomGem.cs: aa3e321de8efcb4fb9f04fbd1db3082b -> 
  custom:scripting/monoscript/fileName/SpawnEffect.cs: 0e822330997e7abc04ce8b8a88e6ec31 -> 
  custom:video-decoder-webm-vp8: 9c59270c3fd7afecdb556c50c9e8de78 -> 
  custom:scripting/monoscript/fileName/CameraControllerNew.cs: 9afc567523072d385e7e839f14f42a40 -> 
  custom:SearchIndexIgnoredProperties: e643bd26f0fe6173181afceb89e7c659 -> 
  custom:AudioImporter_EditorPlatform: d09bf68614088b80899f8185d706f6e7 -> 
  custom:scripting/monoscript/fileName/RampAsset.cs: d227c3205eb189589865f5198ddf7d73 -> 
  custom:scripting/monoscript/fileName/CameraController.cs: b3b838291c7718e64b87ecc65e643aac -> 9afc567523072d385e7e839f14f42a40
  custom:video-encoder-webm-vp8: eb34c28f22e8b96e1ab97ce403110664 -> 
  custom:scripting/monoscript/fileName/CarController.cs: 07de265e2c4f2a833d66d48919dfc49c -> 
  custom:scripting/monoscript/fileName/PlayerControllerNew.cs: ec4e51010c37f44d5942ba401fffe59c -> 
  custom:audio-decoder-ogg-vorbis: bf7c407c2cedff20999df2af8eb42d56 -> 
  custom:scripting/monoscript/fileName/RampAssetEditor.cs: 6c98fd78aa2d9c75ceb103bf4d7e19b2 -> 
  custom:scripting/monoscript/fileName/PlatformMovement.cs: e9f645776151b23fec52c61150982622 -> 
  custom:audio-encoder-webm-vorbis: bf7c407c2cedff20999df2af8eb42d56 -> 
  custom:scripting/precompiled-assembly-types:Assembly-CSharp-Editor: 0aa87dc5f9d38df99f7279d0c49bc40c -> 
  custom:scripting/precompiled-assembly-types:Assembly-CSharp: 3fdca2bb8993850c17d479848092128c -> 2b4d42f10ed89b9430c9d919cfda074d
  custom:scripting/monoscript/fileName/SimpleCameraController.cs: 639b45e76fa5fda920a92b90c69d9e74 -> 
  custom:scripting/monoscript/fileName/ProximityActivate.cs: c1cadad611425c640b0cbb6805a47665 -> 
========================================================================
Received Prepare
Caller must complete domain reload
Begin MonoManager ReloadAssembly
- Loaded All Assemblies, in  0.453 seconds
Native extension for WindowsStandalone target not found
Mono: successfully reloaded assembly
- Finished resetting the current domain, in  0.947 seconds
Domain Reload Profiling: 1397ms
	BeginReloadAssembly (158ms)
		ExecutionOrderSort (0ms)
		DisableScriptedObjects (6ms)
		BackupInstance (0ms)
		ReleaseScriptingObjects (0ms)
		CreateAndSetChildDomain (29ms)
	RebuildCommonClasses (40ms)
	RebuildNativeTypeToScriptingClass (14ms)
	initialDomainReloadingComplete (34ms)
	LoadAllAssembliesAndSetupDomain (204ms)
		LoadAssemblies (275ms)
		RebuildTransferFunctionScriptingTraits (0ms)
		AnalyzeDomain (21ms)
			TypeCache.Refresh (7ms)
				TypeCache.ScanAssembly (1ms)
			ScanForSourceGeneratedMonoScriptInfo (6ms)
			ResolveRequiredComponents (7ms)
	FinalizeReload (947ms)
		ReleaseScriptCaches (0ms)
		RebuildScriptCaches (0ms)
		SetupLoadedEditorAssemblies (366ms)
			LogAssemblyErrors (0ms)
			InitializePlatformSupportModulesInManaged (5ms)
			SetLoadedEditorAssemblies (3ms)
			RefreshPlugins (0ms)
			BeforeProcessingInitializeOnLoad (59ms)
			ProcessInitializeOnLoadAttributes (271ms)
			ProcessInitializeOnLoadMethodAttributes (23ms)
			AfterProcessingInitializeOnLoad (6ms)
			EditorAssembliesLoaded (0ms)
		ExecutionOrderSort2 (0ms)
		AwakeInstancesAfterBackupRestoration (6ms)
Refreshing native plugins compatible for Editor in 2.95 ms, found 3 plugins.
Preloading 0 native plugins for Editor in 0.00 ms.
Unloading 3343 Unused Serialized files (Serialized files now loaded: 0)
Unloading 14 unused Assets / (28.5 KB). Loaded Objects now: 3845.
Memory consumption went from 133.1 MB to 133.0 MB.
Total: 3.154000 ms (FindLiveObjects: 0.345600 ms CreateObjectMapping: 0.113300 ms MarkObjects: 2.651200 ms  DeleteObjects: 0.043000 ms)

Prepare: number of updated asset objects reloaded= 0
AssetImportParameters requested are different than current active one (requested -> active):
  custom:container-demuxer-ogg: 62fdf1f143b41e24485cea50d1cbac27 -> 
  custom:scripting/monoscript/fileName/SimpleCharacterMotor.cs: 73308a42105915844b02545afaeed931 -> 
  custom:video-codec-MediaFoundation-h265: 746d11721c4dcdbdad8f713fa42b33f4 -> 
  custom:video-decoder-ogg-theora: a1e56fd34408186e4bbccfd4996cb3dc -> 
  custom:framework-win-MediaFoundation: 216162199b28c13a410421893ffa2e32 -> 
  custom:scripting/monoscript/fileName/JetPack.cs: f12c39c79ae36cfc2bfee15e331aab82 -> 
  custom:scripting/monoscript/fileName/AdjustTimeScale.cs: 327a0b5533e8ab4f0f2020c74f1982d5 -> 
  custom:CustomObjectIndexerAttribute: 9a22284fe3817be447336de3de66b15e -> 
  custom:container-demuxer-webm: 4f35f7cbe854078d1ac9338744f61a02 -> 
  custom:scripting/monoscript/fileName/Collectable.cs: 6a6d5954f5faaedbf68170f8b53440ff -> 
  custom:container-muxer-webm: aa71ff27fc2769a1b78a27578f13a17b -> 
  custom:scripting/monoscript/fileName/RandomGem.cs: aa3e321de8efcb4fb9f04fbd1db3082b -> 
  custom:scripting/monoscript/fileName/SpawnEffect.cs: cb2a9cfdca5ae53a81cdf9498a0ceac0 -> 
  custom:video-decoder-webm-vp8: 9c59270c3fd7afecdb556c50c9e8de78 -> 
  custom:scripting/monoscript/fileName/CameraControllerNew.cs: 9afc567523072d385e7e839f14f42a40 -> 
  custom:SearchIndexIgnoredProperties: e643bd26f0fe6173181afceb89e7c659 -> 
  custom:AudioImporter_EditorPlatform: d09bf68614088b80899f8185d706f6e7 -> 
  custom:scripting/monoscript/fileName/RampAsset.cs: 71b119705d7f57ed6fe14ccb53b58180 -> 
  custom:scripting/monoscript/fileName/CameraController.cs: b3b838291c7718e64b87ecc65e643aac -> 9afc567523072d385e7e839f14f42a40
  custom:video-encoder-webm-vp8: eb34c28f22e8b96e1ab97ce403110664 -> 
  custom:scripting/monoscript/fileName/CarController.cs: 07de265e2c4f2a833d66d48919dfc49c -> 
  custom:scripting/monoscript/fileName/PlayerControllerNew.cs: ec4e51010c37f44d5942ba401fffe59c -> 
  custom:audio-decoder-ogg-vorbis: bf7c407c2cedff20999df2af8eb42d56 -> 
  custom:scripting/monoscript/fileName/RampAssetEditor.cs: 6ef29bf76616753788d0c7e57349af49 -> 
  custom:scripting/monoscript/fileName/PlatformMovement.cs: e9f645776151b23fec52c61150982622 -> 
  custom:audio-encoder-webm-vorbis: bf7c407c2cedff20999df2af8eb42d56 -> 
  custom:scripting/precompiled-assembly-types:Assembly-CSharp-Editor: 715dbfa752d604ba4249c7f9e49cefca -> 
  custom:scripting/precompiled-assembly-types:Assembly-CSharp: e6ff61ef5a649fd60eb040fdb8ac2ee0 -> 2b4d42f10ed89b9430c9d919cfda074d
  custom:scripting/monoscript/fileName/SimpleCameraController.cs: 9d5e45e836538af465ffb763b138c221 -> 
  custom:scripting/monoscript/fileName/ProximityActivate.cs: d1b8bcfe4622d47766b5b9525cbb9f85 -> 
========================================================================
Received Import Request.
  Time since last request: 99.860445 seconds.
  path: Assets/Week 8/Prefabs
  artifactKey: Guid(621f7234ff0bd9a498a22dbdd1e87a86) Importer(815301076,1909f56bfc062723c751e8b465ee728b)
Start importing Assets/Week 8/Prefabs using Guid(621f7234ff0bd9a498a22dbdd1e87a86) Importer(815301076,1909f56bfc062723c751e8b465ee728b) [PhysX] Initialized MultithreadedTaskDispatcher with 16 workers.
 -> (artifact id: '7ae59f4a288a8e1a05d3b842b085af2e') in 0.002134 seconds
Number of updated asset objects reloaded before import = 0
Number of asset objects unloaded after import = 0
========================================================================
Received Prepare
Caller must complete domain reload
Begin MonoManager ReloadAssembly
- Loaded All Assemblies, in  0.353 seconds
Native extension for WindowsStandalone target not found
Mono: successfully reloaded assembly
- Finished resetting the current domain, in  1.446 seconds
Domain Reload Profiling: 1797ms
	BeginReloadAssembly (129ms)
		ExecutionOrderSort (0ms)
		DisableScriptedObjects (5ms)
		BackupInstance (0ms)
		ReleaseScriptingObjects (0ms)
		CreateAndSetChildDomain (28ms)
	RebuildCommonClasses (27ms)
	RebuildNativeTypeToScriptingClass (8ms)
	initialDomainReloadingComplete (24ms)
	LoadAllAssembliesAndSetupDomain (162ms)
		LoadAssemblies (221ms)
		RebuildTransferFunctionScriptingTraits (0ms)
		AnalyzeDomain (11ms)
			TypeCache.Refresh (5ms)
				TypeCache.ScanAssembly (0ms)
			ScanForSourceGeneratedMonoScriptInfo (0ms)
			ResolveRequiredComponents (5ms)
	FinalizeReload (1447ms)
		ReleaseScriptCaches (0ms)
		RebuildScriptCaches (0ms)
		SetupLoadedEditorAssemblies (717ms)
			LogAssemblyErrors (0ms)
			InitializePlatformSupportModulesInManaged (9ms)
			SetLoadedEditorAssemblies (4ms)
			RefreshPlugins (0ms)
			BeforeProcessingInitializeOnLoad (112ms)
			ProcessInitializeOnLoadAttributes (544ms)
			ProcessInitializeOnLoadMethodAttributes (40ms)
			AfterProcessingInitializeOnLoad (8ms)
			EditorAssembliesLoaded (0ms)
		ExecutionOrderSort2 (0ms)
		AwakeInstancesAfterBackupRestoration (12ms)
Refreshing native plugins compatible for Editor in 5.87 ms, found 3 plugins.
Preloading 0 native plugins for Editor in 0.00 ms.
Unloading 3342 Unused Serialized files (Serialized files now loaded: 0)
Unloading 14 unused Assets / (28.4 KB). Loaded Objects now: 3849.
Memory consumption went from 132.8 MB to 132.8 MB.
Total: 6.751300 ms (FindLiveObjects: 0.624300 ms CreateObjectMapping: 0.181300 ms MarkObjects: 5.882900 ms  DeleteObjects: 0.060200 ms)

Prepare: number of updated asset objects reloaded= 0
AssetImportParameters requested are different than current active one (requested -> active):
  custom:container-demuxer-ogg: 62fdf1f143b41e24485cea50d1cbac27 -> 
  custom:scripting/monoscript/fileName/SimpleCharacterMotor.cs: 73308a42105915844b02545afaeed931 -> 
  custom:video-codec-MediaFoundation-h265: 746d11721c4dcdbdad8f713fa42b33f4 -> 
  custom:video-decoder-ogg-theora: a1e56fd34408186e4bbccfd4996cb3dc -> 
  custom:framework-win-MediaFoundation: 216162199b28c13a410421893ffa2e32 -> 
  custom:scripting/monoscript/fileName/JetPack.cs: f12c39c79ae36cfc2bfee15e331aab82 -> 
  custom:scripting/monoscript/fileName/AdjustTimeScale.cs: 327a0b5533e8ab4f0f2020c74f1982d5 -> 
  custom:CustomObjectIndexerAttribute: 9a22284fe3817be447336de3de66b15e -> 
  custom:container-demuxer-webm: 4f35f7cbe854078d1ac9338744f61a02 -> 
  custom:scripting/monoscript/fileName/Collectable.cs: 6a6d5954f5faaedbf68170f8b53440ff -> 
  custom:container-muxer-webm: aa71ff27fc2769a1b78a27578f13a17b -> 
  custom:scripting/monoscript/fileName/RandomGem.cs: aa3e321de8efcb4fb9f04fbd1db3082b -> 
  custom:scripting/monoscript/fileName/SpawnEffect.cs: cb2a9cfdca5ae53a81cdf9498a0ceac0 -> 
  custom:video-decoder-webm-vp8: 9c59270c3fd7afecdb556c50c9e8de78 -> 
  custom:scripting/monoscript/fileName/CameraControllerNew.cs: 9afc567523072d385e7e839f14f42a40 -> 
  custom:SearchIndexIgnoredProperties: e643bd26f0fe6173181afceb89e7c659 -> 
  custom:AudioImporter_EditorPlatform: d09bf68614088b80899f8185d706f6e7 -> 
  custom:scripting/monoscript/fileName/RampAsset.cs: 71b119705d7f57ed6fe14ccb53b58180 -> 
  custom:scripting/monoscript/fileName/CameraController.cs: b3b838291c7718e64b87ecc65e643aac -> 9afc567523072d385e7e839f14f42a40
  custom:video-encoder-webm-vp8: eb34c28f22e8b96e1ab97ce403110664 -> 
  custom:scripting/monoscript/fileName/CarController.cs: 07de265e2c4f2a833d66d48919dfc49c -> 
  custom:scripting/monoscript/fileName/PlayerControllerNew.cs: ec4e51010c37f44d5942ba401fffe59c -> 
  custom:audio-decoder-ogg-vorbis: bf7c407c2cedff20999df2af8eb42d56 -> 
  custom:scripting/monoscript/fileName/RampAssetEditor.cs: 6ef29bf76616753788d0c7e57349af49 -> 
  custom:scripting/monoscript/fileName/PlatformMovement.cs: e9f645776151b23fec52c61150982622 -> 
  custom:audio-encoder-webm-vorbis: bf7c407c2cedff20999df2af8eb42d56 -> 
  custom:scripting/precompiled-assembly-types:Assembly-CSharp-Editor: 715dbfa752d604ba4249c7f9e49cefca -> 
  custom:scripting/precompiled-assembly-types:Assembly-CSharp: e6ff61ef5a649fd60eb040fdb8ac2ee0 -> 2b4d42f10ed89b9430c9d919cfda074d
  custom:scripting/monoscript/fileName/SimpleCameraController.cs: 9d5e45e836538af465ffb763b138c221 -> 
  custom:scripting/monoscript/fileName/ProximityActivate.cs: d1b8bcfe4622d47766b5b9525cbb9f85 -> 
========================================================================
Received Prepare
Caller must complete domain reload
Begin MonoManager ReloadAssembly
- Loaded All Assemblies, in  0.368 seconds
Native extension for WindowsStandalone target not found
Mono: successfully reloaded assembly
- Finished resetting the current domain, in  1.112 seconds
Domain Reload Profiling: 1479ms
	BeginReloadAssembly (135ms)
		ExecutionOrderSort (0ms)
		DisableScriptedObjects (5ms)
		BackupInstance (0ms)
		ReleaseScriptingObjects (0ms)
		CreateAndSetChildDomain (29ms)
	RebuildCommonClasses (28ms)
	RebuildNativeTypeToScriptingClass (8ms)
	initialDomainReloadingComplete (24ms)
	LoadAllAssembliesAndSetupDomain (170ms)
		LoadAssemblies (232ms)
		RebuildTransferFunctionScriptingTraits (0ms)
		AnalyzeDomain (12ms)
			TypeCache.Refresh (6ms)
				TypeCache.ScanAssembly (0ms)
			ScanForSourceGeneratedMonoScriptInfo (0ms)
			ResolveRequiredComponents (4ms)
	FinalizeReload (1113ms)
		ReleaseScriptCaches (0ms)
		RebuildScriptCaches (0ms)
		SetupLoadedEditorAssemblies (569ms)
			LogAssemblyErrors (0ms)
			InitializePlatformSupportModulesInManaged (8ms)
			SetLoadedEditorAssemblies (3ms)
			RefreshPlugins (0ms)
			BeforeProcessingInitializeOnLoad (74ms)
			ProcessInitializeOnLoadAttributes (443ms)
			ProcessInitializeOnLoadMethodAttributes (31ms)
			AfterProcessingInitializeOnLoad (9ms)
			EditorAssembliesLoaded (1ms)
		ExecutionOrderSort2 (0ms)
		AwakeInstancesAfterBackupRestoration (9ms)
Refreshing native plugins compatible for Editor in 5.59 ms, found 3 plugins.
Preloading 0 native plugins for Editor in 0.00 ms.
Unloading 3343 Unused Serialized files (Serialized files now loaded: 0)
Unloading 14 unused Assets / (28.5 KB). Loaded Objects now: 3853.
Memory consumption went from 133.1 MB to 133.1 MB.
Total: 8.047700 ms (FindLiveObjects: 0.732000 ms CreateObjectMapping: 0.354300 ms MarkObjects: 6.860500 ms  DeleteObjects: 0.099200 ms)

Prepare: number of updated asset objects reloaded= 0
AssetImportParameters requested are different than current active one (requested -> active):
  custom:container-demuxer-ogg: 62fdf1f143b41e24485cea50d1cbac27 -> 
  custom:scripting/monoscript/fileName/SimpleCharacterMotor.cs: 73308a42105915844b02545afaeed931 -> 
  custom:video-codec-MediaFoundation-h265: 746d11721c4dcdbdad8f713fa42b33f4 -> 
  custom:video-decoder-ogg-theora: a1e56fd34408186e4bbccfd4996cb3dc -> 
  custom:framework-win-MediaFoundation: 216162199b28c13a410421893ffa2e32 -> 
  custom:scripting/monoscript/fileName/JetPack.cs: f12c39c79ae36cfc2bfee15e331aab82 -> 
  custom:scripting/monoscript/fileName/AdjustTimeScale.cs: 327a0b5533e8ab4f0f2020c74f1982d5 -> 
  custom:CustomObjectIndexerAttribute: 9a22284fe3817be447336de3de66b15e -> 
  custom:container-demuxer-webm: 4f35f7cbe854078d1ac9338744f61a02 -> 
  custom:scripting/monoscript/fileName/Collectable.cs: 6a6d5954f5faaedbf68170f8b53440ff -> 
  custom:container-muxer-webm: aa71ff27fc2769a1b78a27578f13a17b -> 
  custom:scripting/monoscript/fileName/RandomGem.cs: aa3e321de8efcb4fb9f04fbd1db3082b -> 
  custom:scripting/monoscript/fileName/SpawnEffect.cs: cb2a9cfdca5ae53a81cdf9498a0ceac0 -> 
  custom:video-decoder-webm-vp8: 9c59270c3fd7afecdb556c50c9e8de78 -> 
  custom:scripting/monoscript/fileName/CameraControllerNew.cs: 9afc567523072d385e7e839f14f42a40 -> 
  custom:SearchIndexIgnoredProperties: e643bd26f0fe6173181afceb89e7c659 -> 
  custom:AudioImporter_EditorPlatform: d09bf68614088b80899f8185d706f6e7 -> 
  custom:scripting/monoscript/fileName/RampAsset.cs: 71b119705d7f57ed6fe14ccb53b58180 -> 
  custom:scripting/monoscript/fileName/CameraController.cs: b3b838291c7718e64b87ecc65e643aac -> 9afc567523072d385e7e839f14f42a40
  custom:video-encoder-webm-vp8: eb34c28f22e8b96e1ab97ce403110664 -> 
  custom:scripting/monoscript/fileName/CarController.cs: 07de265e2c4f2a833d66d48919dfc49c -> 
  custom:scripting/monoscript/fileName/PlayerControllerNew.cs: ec4e51010c37f44d5942ba401fffe59c -> 
  custom:audio-decoder-ogg-vorbis: bf7c407c2cedff20999df2af8eb42d56 -> 
  custom:scripting/monoscript/fileName/RampAssetEditor.cs: 6ef29bf76616753788d0c7e57349af49 -> 
  custom:scripting/monoscript/fileName/PlatformMovement.cs: e9f645776151b23fec52c61150982622 -> 
  custom:audio-encoder-webm-vorbis: bf7c407c2cedff20999df2af8eb42d56 -> 
  custom:scripting/precompiled-assembly-types:Assembly-CSharp-Editor: 715dbfa752d604ba4249c7f9e49cefca -> 
  custom:scripting/precompiled-assembly-types:Assembly-CSharp: e6ff61ef5a649fd60eb040fdb8ac2ee0 -> 2b4d42f10ed89b9430c9d919cfda074d
  custom:scripting/monoscript/fileName/SimpleCameraController.cs: 9d5e45e836538af465ffb763b138c221 -> 
  custom:scripting/monoscript/fileName/ProximityActivate.cs: d1b8bcfe4622d47766b5b9525cbb9f85 -> 
========================================================================
Received Import Request.
  Time since last request: 135.991663 seconds.
  path: Assets/Week 8/Prefabs/JetPack.prefab
  artifactKey: Guid(268d043e698057c4c8e7c78e493889ba) Importer(815301076,1909f56bfc062723c751e8b465ee728b)
Start importing Assets/Week 8/Prefabs/JetPack.prefab using Guid(268d043e698057c4c8e7c78e493889ba) Importer(815301076,1909f56bfc062723c751e8b465ee728b) [PhysX] Initialized MultithreadedTaskDispatcher with 16 workers.
[PhysX] Initialized MultithreadedTaskDispatcher with 16 workers.
 -> (artifact id: 'b878037a74091fb9d236c3375bff3eef') in 0.143079 seconds
Number of updated asset objects reloaded before import = 0
Number of asset objects unloaded after import = 77
========================================================================
Received Prepare
Caller must complete domain reload
Begin MonoManager ReloadAssembly
- Loaded All Assemblies, in  0.371 seconds
Native extension for WindowsStandalone target not found
Mono: successfully reloaded assembly
- Finished resetting the current domain, in  1.377 seconds
Domain Reload Profiling: 1745ms
	BeginReloadAssembly (134ms)
		ExecutionOrderSort (0ms)
		DisableScriptedObjects (5ms)
		BackupInstance (0ms)
		ReleaseScriptingObjects (0ms)
		CreateAndSetChildDomain (34ms)
	RebuildCommonClasses (27ms)
	RebuildNativeTypeToScriptingClass (9ms)
	initialDomainReloadingComplete (26ms)
	LoadAllAssembliesAndSetupDomain (172ms)
		LoadAssemblies (227ms)
		RebuildTransferFunctionScriptingTraits (0ms)
		AnalyzeDomain (12ms)
			TypeCache.Refresh (5ms)
				TypeCache.ScanAssembly (0ms)
			ScanForSourceGeneratedMonoScriptInfo (0ms)
			ResolveRequiredComponents (5ms)
	FinalizeReload (1378ms)
		ReleaseScriptCaches (0ms)
		RebuildScriptCaches (0ms)
		SetupLoadedEditorAssemblies (678ms)
			LogAssemblyErrors (0ms)
			InitializePlatformSupportModulesInManaged (12ms)
			SetLoadedEditorAssemblies (6ms)
			RefreshPlugins (0ms)
			BeforeProcessingInitializeOnLoad (101ms)
			ProcessInitializeOnLoadAttributes (511ms)
			ProcessInitializeOnLoadMethodAttributes (36ms)
			AfterProcessingInitializeOnLoad (12ms)
			EditorAssembliesLoaded (0ms)
		ExecutionOrderSort2 (0ms)
		AwakeInstancesAfterBackupRestoration (14ms)
Refreshing native plugins compatible for Editor in 5.60 ms, found 3 plugins.
Preloading 0 native plugins for Editor in 0.00 ms.
Unloading 3342 Unused Serialized files (Serialized files now loaded: 0)
Unloading 16 unused Assets / (80.0 KB). Loaded Objects now: 3866.
Memory consumption went from 137.6 MB to 137.5 MB.
Total: 7.180000 ms (FindLiveObjects: 0.451600 ms CreateObjectMapping: 0.679800 ms MarkObjects: 5.509200 ms  DeleteObjects: 0.537300 ms)

Prepare: number of updated asset objects reloaded= 0
AssetImportParameters requested are different than current active one (requested -> active):
  custom:container-demuxer-ogg: 62fdf1f143b41e24485cea50d1cbac27 -> 
  custom:scripting/monoscript/fileName/SimpleCharacterMotor.cs: 73308a42105915844b02545afaeed931 -> 
  custom:video-codec-MediaFoundation-h265: 746d11721c4dcdbdad8f713fa42b33f4 -> 
  custom:video-decoder-ogg-theora: a1e56fd34408186e4bbccfd4996cb3dc -> 
  custom:framework-win-MediaFoundation: 216162199b28c13a410421893ffa2e32 -> 
  custom:scripting/monoscript/fileName/JetPack.cs: f12c39c79ae36cfc2bfee15e331aab82 -> 
  custom:scripting/monoscript/fileName/AdjustTimeScale.cs: 327a0b5533e8ab4f0f2020c74f1982d5 -> 
  custom:CustomObjectIndexerAttribute: 9a22284fe3817be447336de3de66b15e -> 
  custom:container-demuxer-webm: 4f35f7cbe854078d1ac9338744f61a02 -> 
  custom:scripting/monoscript/fileName/Collectable.cs: 6a6d5954f5faaedbf68170f8b53440ff -> 
  custom:container-muxer-webm: aa71ff27fc2769a1b78a27578f13a17b -> 
  custom:scripting/monoscript/fileName/RandomGem.cs: aa3e321de8efcb4fb9f04fbd1db3082b -> 
  custom:scripting/monoscript/fileName/SpawnEffect.cs: cb2a9cfdca5ae53a81cdf9498a0ceac0 -> 
  custom:video-decoder-webm-vp8: 9c59270c3fd7afecdb556c50c9e8de78 -> 
  custom:scripting/monoscript/fileName/CameraControllerNew.cs: 9afc567523072d385e7e839f14f42a40 -> 
  custom:SearchIndexIgnoredProperties: e643bd26f0fe6173181afceb89e7c659 -> 
  custom:AudioImporter_EditorPlatform: d09bf68614088b80899f8185d706f6e7 -> 
  custom:scripting/monoscript/fileName/RampAsset.cs: 71b119705d7f57ed6fe14ccb53b58180 -> 
  custom:scripting/monoscript/fileName/CameraController.cs: b3b838291c7718e64b87ecc65e643aac -> 9afc567523072d385e7e839f14f42a40
  custom:video-encoder-webm-vp8: eb34c28f22e8b96e1ab97ce403110664 -> 
  custom:scripting/monoscript/fileName/CarController.cs: 07de265e2c4f2a833d66d48919dfc49c -> 
  custom:scripting/monoscript/fileName/PlayerControllerNew.cs: ec4e51010c37f44d5942ba401fffe59c -> 
  custom:audio-decoder-ogg-vorbis: bf7c407c2cedff20999df2af8eb42d56 -> 
  custom:scripting/monoscript/fileName/RampAssetEditor.cs: 6ef29bf76616753788d0c7e57349af49 -> 
  custom:scripting/monoscript/fileName/PlatformMovement.cs: e9f645776151b23fec52c61150982622 -> 
  custom:audio-encoder-webm-vorbis: bf7c407c2cedff20999df2af8eb42d56 -> 
  custom:scripting/precompiled-assembly-types:Assembly-CSharp-Editor: 715dbfa752d604ba4249c7f9e49cefca -> 
  custom:scripting/precompiled-assembly-types:Assembly-CSharp: e6ff61ef5a649fd60eb040fdb8ac2ee0 -> 2b4d42f10ed89b9430c9d919cfda074d
  custom:scripting/monoscript/fileName/SimpleCameraController.cs: 9d5e45e836538af465ffb763b138c221 -> 
  custom:scripting/monoscript/fileName/ProximityActivate.cs: d1b8bcfe4622d47766b5b9525cbb9f85 -> 
========================================================================
Received Import Request.
  Time since last request: 396.493663 seconds.
  path: Assets/Week 8/Collectables Sound Pack/Collectables Sound Effects Pack/Samples/Sound_3/Notes/Low/A#.wav
  artifactKey: Guid(c510b6760ccb74ef881d23c98301d87b) Importer(815301076,1909f56bfc062723c751e8b465ee728b)
Start importing Assets/Week 8/Collectables Sound Pack/Collectables Sound Effects Pack/Samples/Sound_3/Notes/Low/A#.wav using Guid(c510b6760ccb74ef881d23c98301d87b) Importer(815301076,1909f56bfc062723c751e8b465ee728b) [PhysX] Initialized MultithreadedTaskDispatcher with 16 workers.
[PhysX] Initialized MultithreadedTaskDispatcher with 16 workers.
 -> (artifact id: 'd7c99a48f8f837e185eeaecb2fe949fd') in 0.105555 seconds
Number of updated asset objects reloaded before import = 0
Number of asset objects unloaded after import = 2
========================================================================
Received Import Request.
  Time since last request: 0.000027 seconds.
  path: Assets/Week 8/Collectables Sound Pack/Collectables Sound Effects Pack/Samples/Sound_3/Notes/Low/E.wav
  artifactKey: Guid(a4b0305dddbde4bd8923d1e045397be7) Importer(815301076,1909f56bfc062723c751e8b465ee728b)
Start importing Assets/Week 8/Collectables Sound Pack/Collectables Sound Effects Pack/Samples/Sound_3/Notes/Low/E.wav using Guid(a4b0305dddbde4bd8923d1e045397be7) Importer(815301076,1909f56bfc062723c751e8b465ee728b) [PhysX] Initialized MultithreadedTaskDispatcher with 16 workers.
[PhysX] Initialized MultithreadedTaskDispatcher with 16 workers.
 -> (artifact id: 'b12b55152d6967d520524c6bd54c13c9') in 0.027775 seconds
Number of updated asset objects reloaded before import = 0
Number of asset objects unloaded after import = 2
========================================================================
Received Import Request.
  Time since last request: 0.000020 seconds.
  path: Assets/Week 8/Collectables Sound Pack/Collectables Sound Effects Pack/Samples/Sound_3/Notes/Low/C.wav
  artifactKey: Guid(38b50ef15b0d2461b9d244628058e43b) Importer(815301076,1909f56bfc062723c751e8b465ee728b)
Start importing Assets/Week 8/Collectables Sound Pack/Collectables Sound Effects Pack/Samples/Sound_3/Notes/Low/C.wav using Guid(38b50ef15b0d2461b9d244628058e43b) Importer(815301076,1909f56bfc062723c751e8b465ee728b) [PhysX] Initialized MultithreadedTaskDispatcher with 16 workers.
[PhysX] Initialized MultithreadedTaskDispatcher with 16 workers.
 -> (artifact id: '2fa73245fc1abaef7870a46b62210140') in 0.029951 seconds
Number of updated asset objects reloaded before import = 0
Number of asset objects unloaded after import = 2
========================================================================
Received Import Request.
  Time since last request: 0.000022 seconds.
  path: Assets/Week 8/Collectables Sound Pack/Collectables Sound Effects Pack/Samples/Sound_3/Notes/Low/D.wav
  artifactKey: Guid(1d1ae493e61614cb9bc398f291ff6f6a) Importer(815301076,1909f56bfc062723c751e8b465ee728b)
Start importing Assets/Week 8/Collectables Sound Pack/Collectables Sound Effects Pack/Samples/Sound_3/Notes/Low/D.wav using Guid(1d1ae493e61614cb9bc398f291ff6f6a) Importer(815301076,1909f56bfc062723c751e8b465ee728b) [PhysX] Initialized MultithreadedTaskDispatcher with 16 workers.
[PhysX] Initialized MultithreadedTaskDispatcher with 16 workers.
 -> (artifact id: 'f63d6178c149dac79e3060fb07bfd454') in 0.019255 seconds
Number of updated asset objects reloaded before import = 0
Number of asset objects unloaded after import = 2
========================================================================
Received Import Request.
  Time since last request: 0.000041 seconds.
  path: Assets/Week 8/Collectables Sound Pack/Collectables Sound Effects Pack/Samples/Sound_3/Notes/Low/F#.wav
  artifactKey: Guid(435ce2c5fbc4f4c898cc0a905cbee55d) Importer(815301076,1909f56bfc062723c751e8b465ee728b)
Start importing Assets/Week 8/Collectables Sound Pack/Collectables Sound Effects Pack/Samples/Sound_3/Notes/Low/F#.wav using Guid(435ce2c5fbc4f4c898cc0a905cbee55d) Importer(815301076,1909f56bfc062723c751e8b465ee728b) [PhysX] Initialized MultithreadedTaskDispatcher with 16 workers.
[PhysX] Initialized MultithreadedTaskDispatcher with 16 workers.
 -> (artifact id: '771d21cdf9010f5836b1a8ea85a048a3') in 0.020119 seconds
Number of updated asset objects reloaded before import = 0
Number of asset objects unloaded after import = 2
========================================================================
Received Import Request.
  Time since last request: 0.000025 seconds.
  path: Assets/Week 8/Collectables Sound Pack/Collectables Sound Effects Pack/Samples/Sound_3/Notes/Low/D#.wav
  artifactKey: Guid(08d62b1af3dba41cb97546ce922b4e38) Importer(815301076,1909f56bfc062723c751e8b465ee728b)
Start importing Assets/Week 8/Collectables Sound Pack/Collectables Sound Effects Pack/Samples/Sound_3/Notes/Low/D#.wav using Guid(08d62b1af3dba41cb97546ce922b4e38) Importer(815301076,1909f56bfc062723c751e8b465ee728b) [PhysX] Initialized MultithreadedTaskDispatcher with 16 workers.
[PhysX] Initialized MultithreadedTaskDispatcher with 16 workers.
 -> (artifact id: 'a8bdfbdd94188d215ef6f50b5050c1fb') in 0.019465 seconds
Number of updated asset objects reloaded before import = 0
Number of asset objects unloaded after import = 2
========================================================================
Received Import Request.
  Time since last request: 10.351940 seconds.
  path: Assets/Week 8/Collectables Sound Pack/Collectables Sound Effects Pack/Samples/Sound_3/Runs/Low/FifthRun.wav
  artifactKey: Guid(3346c039ca00041d1a0006d508c3d1bd) Importer(815301076,1909f56bfc062723c751e8b465ee728b)
Start importing Assets/Week 8/Collectables Sound Pack/Collectables Sound Effects Pack/Samples/Sound_3/Runs/Low/FifthRun.wav using Guid(3346c039ca00041d1a0006d508c3d1bd) Importer(815301076,1909f56bfc062723c751e8b465ee728b) [PhysX] Initialized MultithreadedTaskDispatcher with 16 workers.
[PhysX] Initialized MultithreadedTaskDispatcher with 16 workers.
 -> (artifact id: 'c05ee0138933f7840187c1e261a949f7') in 0.023127 seconds
Number of updated asset objects reloaded before import = 0
Number of asset objects unloaded after import = 2
========================================================================
Received Import Request.
  Time since last request: 0.000021 seconds.
  path: Assets/Week 8/Collectables Sound Pack/Collectables Sound Effects Pack/Samples/Sound_3/Runs/Low/OctDown.wav
  artifactKey: Guid(019cde3fdd997416d9ef78536ce0cc8b) Importer(815301076,1909f56bfc062723c751e8b465ee728b)
Start importing Assets/Week 8/Collectables Sound Pack/Collectables Sound Effects Pack/Samples/Sound_3/Runs/Low/OctDown.wav using Guid(019cde3fdd997416d9ef78536ce0cc8b) Importer(815301076,1909f56bfc062723c751e8b465ee728b) [PhysX] Initialized MultithreadedTaskDispatcher with 16 workers.
[PhysX] Initialized MultithreadedTaskDispatcher with 16 workers.
 -> (artifact id: 'ddfa5b7eda55b59d9dc3e082b536247d') in 0.019252 seconds
Number of updated asset objects reloaded before import = 0
Number of asset objects unloaded after import = 2
========================================================================
Received Import Request.
  Time since last request: 4.871146 seconds.
  path: Assets/Week 8/Collectables Sound Pack/Collectables Sound Effects Pack/Samples/Sound_3/Runs/High/FifthRunH.wav
  artifactKey: Guid(5e04bb44d96df40c482aee2bf69ce5a7) Importer(815301076,1909f56bfc062723c751e8b465ee728b)
Start importing Assets/Week 8/Collectables Sound Pack/Collectables Sound Effects Pack/Samples/Sound_3/Runs/High/FifthRunH.wav using Guid(5e04bb44d96df40c482aee2bf69ce5a7) Importer(815301076,1909f56bfc062723c751e8b465ee728b) [PhysX] Initialized MultithreadedTaskDispatcher with 16 workers.
[PhysX] Initialized MultithreadedTaskDispatcher with 16 workers.
 -> (artifact id: 'b9649dc20d6494c736f383e2ef17b373') in 0.025281 seconds
Number of updated asset objects reloaded before import = 0
Number of asset objects unloaded after import = 2
========================================================================
Received Import Request.
  Time since last request: 32.436774 seconds.
  path: Assets/Week 8/PolyKebap/Stylized Coin Pack/Materials/M_Coin_Gold_Edges.mat
  artifactKey: Guid(0b6966040eab23b44a002201da248c0a) Importer(815301076,1909f56bfc062723c751e8b465ee728b)
Start importing Assets/Week 8/PolyKebap/Stylized Coin Pack/Materials/M_Coin_Gold_Edges.mat using Guid(0b6966040eab23b44a002201da248c0a) Importer(815301076,1909f56bfc062723c751e8b465ee728b) [PhysX] Initialized MultithreadedTaskDispatcher with 16 workers.
[PhysX] Initialized MultithreadedTaskDispatcher with 16 workers.
 -> (artifact id: 'f9ef21719b8ad46e48a1e085322fe995') in 0.045571 seconds
Number of updated asset objects reloaded before import = 0
Number of asset objects unloaded after import = 1
========================================================================
Received Import Request.
  Time since last request: 0.000026 seconds.
  path: Assets/Week 8/PolyKebap/Stylized Coin Pack/Materials/M_Coin_Silver_Inner.mat
  artifactKey: Guid(0a128d563c322fa4fbe65e1d022da959) Importer(815301076,1909f56bfc062723c751e8b465ee728b)
Start importing Assets/Week 8/PolyKebap/Stylized Coin Pack/Materials/M_Coin_Silver_Inner.mat using Guid(0a128d563c322fa4fbe65e1d022da959) Importer(815301076,1909f56bfc062723c751e8b465ee728b) [PhysX] Initialized MultithreadedTaskDispatcher with 16 workers.
[PhysX] Initialized MultithreadedTaskDispatcher with 16 workers.
 -> (artifact id: 'fdf9fcb002610152084b3c2152f7b504') in 0.005803 seconds
Number of updated asset objects reloaded before import = 0
Number of asset objects unloaded after import = 1
========================================================================
Received Import Request.
  Time since last request: 97.982415 seconds.
  path: Assets/Week 8/PolyKebap/Stylized Coin Pack/Materials/M_Coin_Bronze_Inner.mat
  artifactKey: Guid(d9ea72f573ad49c40881a76e1e7a0f18) Importer(815301076,1909f56bfc062723c751e8b465ee728b)
Start importing Assets/Week 8/PolyKebap/Stylized Coin Pack/Materials/M_Coin_Bronze_Inner.mat using Guid(d9ea72f573ad49c40881a76e1e7a0f18) Importer(815301076,1909f56bfc062723c751e8b465ee728b) [PhysX] Initialized MultithreadedTaskDispatcher with 16 workers.
[PhysX] Initialized MultithreadedTaskDispatcher with 16 workers.
 -> (artifact id: '2c317f7bb85c2075dff946709c1b6740') in 0.098673 seconds
Number of updated asset objects reloaded before import = 0
Number of asset objects unloaded after import = 1
========================================================================
Received Import Request.
  Time since last request: 0.000022 seconds.
  path: Assets/Week 8/PolyKebap/Stylized Coin Pack/Materials/M_Coin_Silver_Edges.mat
  artifactKey: Guid(b774ef4d9e221cd47a7d0fc2d8a3f441) Importer(815301076,1909f56bfc062723c751e8b465ee728b)
Start importing Assets/Week 8/PolyKebap/Stylized Coin Pack/Materials/M_Coin_Silver_Edges.mat using Guid(b774ef4d9e221cd47a7d0fc2d8a3f441) Importer(815301076,1909f56bfc062723c751e8b465ee728b) [PhysX] Initialized MultithreadedTaskDispatcher with 16 workers.
[PhysX] Initialized MultithreadedTaskDispatcher with 16 workers.
 -> (artifact id: '3e71fa90582881218637906844b1adce') in 0.020577 seconds
Number of updated asset objects reloaded before import = 0
Number of asset objects unloaded after import = 1
========================================================================
Received Import Request.
  Time since last request: 0.000033 seconds.
  path: Assets/Week 8/PolyKebap/Stylized Coin Pack/Materials/M_Coin_Wood_Inner.mat
  artifactKey: Guid(6373b00aff57c5c4c9f5667581297222) Importer(815301076,1909f56bfc062723c751e8b465ee728b)
Start importing Assets/Week 8/PolyKebap/Stylized Coin Pack/Materials/M_Coin_Wood_Inner.mat using Guid(6373b00aff57c5c4c9f5667581297222) Importer(815301076,1909f56bfc062723c751e8b465ee728b) [PhysX] Initialized MultithreadedTaskDispatcher with 16 workers.
[PhysX] Initialized MultithreadedTaskDispatcher with 16 workers.
 -> (artifact id: '99b97e4e53d632e5611a3b31afb60af2') in 0.023571 seconds
Number of updated asset objects reloaded before import = 0
Number of asset objects unloaded after import = 1
========================================================================
Received Import Request.
  Time since last request: 0.000029 seconds.
  path: Assets/Week 8/PolyKebap/Stylized Coin Pack/Materials/M_Coin_Wood_Edges.mat
  artifactKey: Guid(91077f671865e03458faa96088d4a005) Importer(815301076,1909f56bfc062723c751e8b465ee728b)
Start importing Assets/Week 8/PolyKebap/Stylized Coin Pack/Materials/M_Coin_Wood_Edges.mat using Guid(91077f671865e03458faa96088d4a005) Importer(815301076,1909f56bfc062723c751e8b465ee728b) [PhysX] Initialized MultithreadedTaskDispatcher with 16 workers.
[PhysX] Initialized MultithreadedTaskDispatcher with 16 workers.
 -> (artifact id: '0f518525386c860dcfe8eb6db1fe2a59') in 0.019937 seconds
Number of updated asset objects reloaded before import = 0
Number of asset objects unloaded after import = 1
========================================================================
Received Import Request.
  Time since last request: 25.504393 seconds.
  path: Assets/Week 8/PolyKebap/Stylized Coin Pack/Prefabs/Gold Coins/Coin_Gold_Circle.prefab
  artifactKey: Guid(55778e1053820e1429e32e3d9a32c264) Importer(815301076,1909f56bfc062723c751e8b465ee728b)
Start importing Assets/Week 8/PolyKebap/Stylized Coin Pack/Prefabs/Gold Coins/Coin_Gold_Circle.prefab using Guid(55778e1053820e1429e32e3d9a32c264) Importer(815301076,1909f56bfc062723c751e8b465ee728b) [PhysX] Initialized MultithreadedTaskDispatcher with 16 workers.
[PhysX] Initialized MultithreadedTaskDispatcher with 16 workers.
 -> (artifact id: 'fad8bb069a7527d3ea8a95879ad563a4') in 0.041821 seconds
Number of updated asset objects reloaded before import = 0
Number of asset objects unloaded after import = 18
========================================================================
Received Import Request.
  Time since last request: 0.000020 seconds.
  path: Assets/Week 8/PolyKebap/Stylized Coin Pack/Prefabs/Gold Coins/Coin_Gold_Gem.prefab
  artifactKey: Guid(f20ada6c28f89ff468ed4daa6537bb0a) Importer(815301076,1909f56bfc062723c751e8b465ee728b)
Start importing Assets/Week 8/PolyKebap/Stylized Coin Pack/Prefabs/Gold Coins/Coin_Gold_Gem.prefab using Guid(f20ada6c28f89ff468ed4daa6537bb0a) Importer(815301076,1909f56bfc062723c751e8b465ee728b) [PhysX] Initialized MultithreadedTaskDispatcher with 16 workers.
[PhysX] Initialized MultithreadedTaskDispatcher with 16 workers.
 -> (artifact id: '53aba04bbcde93d2d8c73b85dcbd53f1') in 0.028240 seconds
Number of updated asset objects reloaded before import = 0
Number of asset objects unloaded after import = 18
========================================================================
Received Import Request.
  Time since last request: 0.000025 seconds.
  path: Assets/Week 8/PolyKebap/Stylized Coin Pack/Prefabs/Gold Coins/Coin_Gold_Shield.prefab
  artifactKey: Guid(cee2ff72be93b574e905ef53749df48d) Importer(815301076,1909f56bfc062723c751e8b465ee728b)
Start importing Assets/Week 8/PolyKebap/Stylized Coin Pack/Prefabs/Gold Coins/Coin_Gold_Shield.prefab using Guid(cee2ff72be93b574e905ef53749df48d) Importer(815301076,1909f56bfc062723c751e8b465ee728b) [PhysX] Initialized MultithreadedTaskDispatcher with 16 workers.
[PhysX] Initialized MultithreadedTaskDispatcher with 16 workers.
 -> (artifact id: '034be5f7630fdfdfc554f67460d5295e') in 0.034098 seconds
Number of updated asset objects reloaded before import = 0
Number of asset objects unloaded after import = 18
========================================================================
Received Import Request.
  Time since last request: 0.000030 seconds.
  path: Assets/Week 8/PolyKebap/Stylized Coin Pack/Prefabs/Gold Coins/Coin_Gold_Crown.prefab
  artifactKey: Guid(54bbaeb21a67e664fb285a936766772c) Importer(815301076,1909f56bfc062723c751e8b465ee728b)
Start importing Assets/Week 8/PolyKebap/Stylized Coin Pack/Prefabs/Gold Coins/Coin_Gold_Crown.prefab using Guid(54bbaeb21a67e664fb285a936766772c) Importer(815301076,1909f56bfc062723c751e8b465ee728b) [PhysX] Initialized MultithreadedTaskDispatcher with 16 workers.
[PhysX] Initialized MultithreadedTaskDispatcher with 16 workers.
 -> (artifact id: 'bbf9ee7da4419c811964a84c482f5ceb') in 0.021967 seconds
Number of updated asset objects reloaded before import = 0
Number of asset objects unloaded after import = 18
========================================================================
Received Import Request.
  Time since last request: 0.000043 seconds.
  path: Assets/Week 8/PolyKebap/Stylized Coin Pack/Prefabs/Gold Coins/Coin_Gold_Square.prefab
  artifactKey: Guid(26cffa84212cd51448f1a2c3ed0467e0) Importer(815301076,1909f56bfc062723c751e8b465ee728b)
Start importing Assets/Week 8/PolyKebap/Stylized Coin Pack/Prefabs/Gold Coins/Coin_Gold_Square.prefab using Guid(26cffa84212cd51448f1a2c3ed0467e0) Importer(815301076,1909f56bfc062723c751e8b465ee728b) [PhysX] Initialized MultithreadedTaskDispatcher with 16 workers.
[PhysX] Initialized MultithreadedTaskDispatcher with 16 workers.
 -> (artifact id: '901be2865c0f43571f2272c0f574703f') in 0.022465 seconds
Number of updated asset objects reloaded before import = 0
Number of asset objects unloaded after import = 18
========================================================================
Received Prepare
Caller must complete domain reload
Begin MonoManager ReloadAssembly
- Loaded All Assemblies, in  0.357 seconds
Native extension for WindowsStandalone target not found
Mono: successfully reloaded assembly
- Finished resetting the current domain, in  1.410 seconds
Domain Reload Profiling: 1766ms
	BeginReloadAssembly (130ms)
		ExecutionOrderSort (0ms)
		DisableScriptedObjects (4ms)
		BackupInstance (0ms)
		ReleaseScriptingObjects (0ms)
		CreateAndSetChildDomain (31ms)
	RebuildCommonClasses (27ms)
	RebuildNativeTypeToScriptingClass (8ms)
	initialDomainReloadingComplete (24ms)
	LoadAllAssembliesAndSetupDomain (167ms)
		LoadAssemblies (225ms)
		RebuildTransferFunctionScriptingTraits (0ms)
		AnalyzeDomain (10ms)
			TypeCache.Refresh (4ms)
				TypeCache.ScanAssembly (0ms)
			ScanForSourceGeneratedMonoScriptInfo (0ms)
			ResolveRequiredComponents (4ms)
	FinalizeReload (1411ms)
		ReleaseScriptCaches (0ms)
		RebuildScriptCaches (0ms)
		SetupLoadedEditorAssemblies (704ms)
			LogAssemblyErrors (0ms)
			InitializePlatformSupportModulesInManaged (9ms)
			SetLoadedEditorAssemblies (4ms)
			RefreshPlugins (0ms)
			BeforeProcessingInitializeOnLoad (104ms)
			ProcessInitializeOnLoadAttributes (538ms)
			ProcessInitializeOnLoadMethodAttributes (39ms)
			AfterProcessingInitializeOnLoad (10ms)
			EditorAssembliesLoaded (0ms)
		ExecutionOrderSort2 (0ms)
		AwakeInstancesAfterBackupRestoration (12ms)
Refreshing native plugins compatible for Editor in 6.62 ms, found 3 plugins.
Preloading 0 native plugins for Editor in 0.00 ms.
Unloading 3342 Unused Serialized files (Serialized files now loaded: 0)
Unloading 14 unused Assets / (28.5 KB). Loaded Objects now: 3905.
Memory consumption went from 137.8 MB to 137.8 MB.
Total: 7.110900 ms (FindLiveObjects: 0.948000 ms CreateObjectMapping: 0.608700 ms MarkObjects: 5.394800 ms  DeleteObjects: 0.157400 ms)

Prepare: number of updated asset objects reloaded= 0
AssetImportParameters requested are different than current active one (requested -> active):
  custom:container-demuxer-ogg: 62fdf1f143b41e24485cea50d1cbac27 -> 
  custom:scripting/monoscript/fileName/SimpleCharacterMotor.cs: 73308a42105915844b02545afaeed931 -> 
  custom:video-codec-MediaFoundation-h265: 746d11721c4dcdbdad8f713fa42b33f4 -> 
  custom:video-decoder-ogg-theora: a1e56fd34408186e4bbccfd4996cb3dc -> 
  custom:framework-win-MediaFoundation: 216162199b28c13a410421893ffa2e32 -> 
  custom:scripting/monoscript/fileName/JetPack.cs: f12c39c79ae36cfc2bfee15e331aab82 -> 
  custom:scripting/monoscript/fileName/AdjustTimeScale.cs: 327a0b5533e8ab4f0f2020c74f1982d5 -> 
  custom:CustomObjectIndexerAttribute: 9a22284fe3817be447336de3de66b15e -> 
  custom:container-demuxer-webm: 4f35f7cbe854078d1ac9338744f61a02 -> 
  custom:scripting/monoscript/fileName/Collectable.cs: 6a6d5954f5faaedbf68170f8b53440ff -> 
  custom:container-muxer-webm: aa71ff27fc2769a1b78a27578f13a17b -> 
  custom:scripting/monoscript/fileName/RandomGem.cs: aa3e321de8efcb4fb9f04fbd1db3082b -> 
  custom:scripting/monoscript/fileName/SpawnEffect.cs: cb2a9cfdca5ae53a81cdf9498a0ceac0 -> 
  custom:video-decoder-webm-vp8: 9c59270c3fd7afecdb556c50c9e8de78 -> 
  custom:scripting/monoscript/fileName/CameraControllerNew.cs: 9afc567523072d385e7e839f14f42a40 -> 
  custom:SearchIndexIgnoredProperties: e643bd26f0fe6173181afceb89e7c659 -> 
  custom:AudioImporter_EditorPlatform: d09bf68614088b80899f8185d706f6e7 -> 
  custom:scripting/monoscript/fileName/RampAsset.cs: 71b119705d7f57ed6fe14ccb53b58180 -> 
  custom:scripting/monoscript/fileName/CameraController.cs: b3b838291c7718e64b87ecc65e643aac -> 9afc567523072d385e7e839f14f42a40
  custom:video-encoder-webm-vp8: eb34c28f22e8b96e1ab97ce403110664 -> 
  custom:scripting/monoscript/fileName/CarController.cs: 07de265e2c4f2a833d66d48919dfc49c -> 
  custom:scripting/monoscript/fileName/PlayerControllerNew.cs: ec4e51010c37f44d5942ba401fffe59c -> 
  custom:audio-decoder-ogg-vorbis: bf7c407c2cedff20999df2af8eb42d56 -> 
  custom:scripting/monoscript/fileName/RampAssetEditor.cs: 6ef29bf76616753788d0c7e57349af49 -> 
  custom:scripting/monoscript/fileName/PlatformMovement.cs: e9f645776151b23fec52c61150982622 -> 
  custom:audio-encoder-webm-vorbis: bf7c407c2cedff20999df2af8eb42d56 -> 
  custom:scripting/precompiled-assembly-types:Assembly-CSharp-Editor: 715dbfa752d604ba4249c7f9e49cefca -> 
  custom:scripting/precompiled-assembly-types:Assembly-CSharp: e6ff61ef5a649fd60eb040fdb8ac2ee0 -> 2b4d42f10ed89b9430c9d919cfda074d
  custom:scripting/monoscript/fileName/SimpleCameraController.cs: 9d5e45e836538af465ffb763b138c221 -> 
  custom:scripting/monoscript/fileName/ProximityActivate.cs: d1b8bcfe4622d47766b5b9525cbb9f85 -> 
========================================================================
Received Prepare
Caller must complete domain reload
Begin MonoManager ReloadAssembly
- Loaded All Assemblies, in  0.374 seconds
Native extension for WindowsStandalone target not found
Mono: successfully reloaded assembly
- Finished resetting the current domain, in  0.839 seconds
Domain Reload Profiling: 1212ms
	BeginReloadAssembly (138ms)
		ExecutionOrderSort (0ms)
		DisableScriptedObjects (5ms)
		BackupInstance (0ms)
		ReleaseScriptingObjects (0ms)
		CreateAndSetChildDomain (28ms)
	RebuildCommonClasses (27ms)
	RebuildNativeTypeToScriptingClass (8ms)
	initialDomainReloadingComplete (25ms)
	LoadAllAssembliesAndSetupDomain (175ms)
		LoadAssemblies (233ms)
		RebuildTransferFunctionScriptingTraits (0ms)
		AnalyzeDomain (19ms)
			TypeCache.Refresh (8ms)
				TypeCache.ScanAssembly (0ms)
			ScanForSourceGeneratedMonoScriptInfo (6ms)
			ResolveRequiredComponents (4ms)
	FinalizeReload (839ms)
		ReleaseScriptCaches (0ms)
		RebuildScriptCaches (0ms)
		SetupLoadedEditorAssemblies (378ms)
			LogAssemblyErrors (0ms)
			InitializePlatformSupportModulesInManaged (5ms)
			SetLoadedEditorAssemblies (3ms)
			RefreshPlugins (0ms)
			BeforeProcessingInitializeOnLoad (62ms)
			ProcessInitializeOnLoadAttributes (277ms)
			ProcessInitializeOnLoadMethodAttributes (27ms)
			AfterProcessingInitializeOnLoad (6ms)
			EditorAssembliesLoaded (0ms)
		ExecutionOrderSort2 (0ms)
		AwakeInstancesAfterBackupRestoration (7ms)
Refreshing native plugins compatible for Editor in 3.96 ms, found 3 plugins.
Preloading 0 native plugins for Editor in 0.00 ms.
Unloading 3344 Unused Serialized files (Serialized files now loaded: 0)
Unloading 14 unused Assets / (28.5 KB). Loaded Objects now: 3910.
Memory consumption went from 138.1 MB to 138.1 MB.
Total: 3.245300 ms (FindLiveObjects: 0.242000 ms CreateObjectMapping: 0.187300 ms MarkObjects: 2.773300 ms  DeleteObjects: 0.041900 ms)

Prepare: number of updated asset objects reloaded= 0
AssetImportParameters requested are different than current active one (requested -> active):
  custom:container-demuxer-ogg: 62fdf1f143b41e24485cea50d1cbac27 -> 
  custom:scripting/monoscript/fileName/SimpleCharacterMotor.cs: 73308a42105915844b02545afaeed931 -> 
  custom:video-codec-MediaFoundation-h265: 746d11721c4dcdbdad8f713fa42b33f4 -> 
  custom:video-decoder-ogg-theora: a1e56fd34408186e4bbccfd4996cb3dc -> 
  custom:framework-win-MediaFoundation: 216162199b28c13a410421893ffa2e32 -> 
  custom:scripting/monoscript/fileName/JetPack.cs: f12c39c79ae36cfc2bfee15e331aab82 -> 
  custom:scripting/monoscript/fileName/AdjustTimeScale.cs: 327a0b5533e8ab4f0f2020c74f1982d5 -> 
  custom:CustomObjectIndexerAttribute: 9a22284fe3817be447336de3de66b15e -> 
  custom:container-demuxer-webm: 4f35f7cbe854078d1ac9338744f61a02 -> 
  custom:scripting/monoscript/fileName/Collectable.cs: 6a6d5954f5faaedbf68170f8b53440ff -> 
  custom:container-muxer-webm: aa71ff27fc2769a1b78a27578f13a17b -> 
  custom:scripting/monoscript/fileName/RandomGem.cs: aa3e321de8efcb4fb9f04fbd1db3082b -> 
  custom:scripting/monoscript/fileName/SpawnEffect.cs: cb2a9cfdca5ae53a81cdf9498a0ceac0 -> 
  custom:video-decoder-webm-vp8: 9c59270c3fd7afecdb556c50c9e8de78 -> 
  custom:scripting/monoscript/fileName/CameraControllerNew.cs: 9afc567523072d385e7e839f14f42a40 -> 
  custom:SearchIndexIgnoredProperties: e643bd26f0fe6173181afceb89e7c659 -> 
  custom:AudioImporter_EditorPlatform: d09bf68614088b80899f8185d706f6e7 -> 
  custom:scripting/monoscript/fileName/RampAsset.cs: 71b119705d7f57ed6fe14ccb53b58180 -> 
  custom:scripting/monoscript/fileName/CameraController.cs: b3b838291c7718e64b87ecc65e643aac -> 9afc567523072d385e7e839f14f42a40
  custom:video-encoder-webm-vp8: eb34c28f22e8b96e1ab97ce403110664 -> 
  custom:scripting/monoscript/fileName/CarController.cs: 07de265e2c4f2a833d66d48919dfc49c -> 
  custom:scripting/monoscript/fileName/PlayerControllerNew.cs: ec4e51010c37f44d5942ba401fffe59c -> 
  custom:audio-decoder-ogg-vorbis: bf7c407c2cedff20999df2af8eb42d56 -> 
  custom:scripting/monoscript/fileName/Collectible.cs: b86e3b51e1e8eabd47b104a8ce852c38 -> 
  custom:scripting/monoscript/fileName/RampAssetEditor.cs: 6ef29bf76616753788d0c7e57349af49 -> 
  custom:scripting/monoscript/fileName/PlatformMovement.cs: e9f645776151b23fec52c61150982622 -> 
  custom:audio-encoder-webm-vorbis: bf7c407c2cedff20999df2af8eb42d56 -> 
  custom:scripting/precompiled-assembly-types:Assembly-CSharp-Editor: 715dbfa752d604ba4249c7f9e49cefca -> 
  custom:scripting/precompiled-assembly-types:Assembly-CSharp: 9fe456e2cb91721be1494660a878dc93 -> 2b4d42f10ed89b9430c9d919cfda074d
  custom:scripting/monoscript/fileName/SimpleCameraController.cs: 9d5e45e836538af465ffb763b138c221 -> 
  custom:scripting/monoscript/fileName/ProximityActivate.cs: d1b8bcfe4622d47766b5b9525cbb9f85 -> 
========================================================================
Received Import Request.
  Time since last request: 449.075170 seconds.
  path: Assets/Week 8/Collectable.prefab
  artifactKey: Guid(5b990942a6c4b984ea72a09e3416d17d) Importer(815301076,1909f56bfc062723c751e8b465ee728b)
Start importing Assets/Week 8/Collectable.prefab using Guid(5b990942a6c4b984ea72a09e3416d17d) Importer(815301076,1909f56bfc062723c751e8b465ee728b) [PhysX] Initialized MultithreadedTaskDispatcher with 16 workers.
[PhysX] Initialized MultithreadedTaskDispatcher with 16 workers.
 -> (artifact id: '5a4103c8232470ef4329e2c3daad79be') in 0.071611 seconds
Number of updated asset objects reloaded before import = 0
Number of asset objects unloaded after import = 32
========================================================================
Received Prepare
Caller must complete domain reload
Begin MonoManager ReloadAssembly
- Loaded All Assemblies, in  0.374 seconds
Native extension for WindowsStandalone target not found
Mono: successfully reloaded assembly
- Finished resetting the current domain, in  0.865 seconds
Domain Reload Profiling: 1237ms
	BeginReloadAssembly (135ms)
		ExecutionOrderSort (0ms)
		DisableScriptedObjects (4ms)
		BackupInstance (0ms)
		ReleaseScriptingObjects (0ms)
		CreateAndSetChildDomain (30ms)
	RebuildCommonClasses (26ms)
	RebuildNativeTypeToScriptingClass (10ms)
	initialDomainReloadingComplete (26ms)
	LoadAllAssembliesAndSetupDomain (174ms)
		LoadAssemblies (227ms)
		RebuildTransferFunctionScriptingTraits (0ms)
		AnalyzeDomain (20ms)
			TypeCache.Refresh (7ms)
				TypeCache.ScanAssembly (0ms)
			ScanForSourceGeneratedMonoScriptInfo (7ms)
			ResolveRequiredComponents (4ms)
	FinalizeReload (866ms)
		ReleaseScriptCaches (0ms)
		RebuildScriptCaches (0ms)
		SetupLoadedEditorAssemblies (373ms)
			LogAssemblyErrors (0ms)
			InitializePlatformSupportModulesInManaged (7ms)
			SetLoadedEditorAssemblies (3ms)
			RefreshPlugins (0ms)
			BeforeProcessingInitializeOnLoad (59ms)
			ProcessInitializeOnLoadAttributes (276ms)
			ProcessInitializeOnLoadMethodAttributes (21ms)
			AfterProcessingInitializeOnLoad (6ms)
			EditorAssembliesLoaded (0ms)
		ExecutionOrderSort2 (0ms)
		AwakeInstancesAfterBackupRestoration (8ms)
Refreshing native plugins compatible for Editor in 3.56 ms, found 3 plugins.
Preloading 0 native plugins for Editor in 0.00 ms.
Unloading 3343 Unused Serialized files (Serialized files now loaded: 0)
Unloading 14 unused Assets / (28.5 KB). Loaded Objects now: 3914.
Memory consumption went from 137.8 MB to 137.8 MB.
Total: 2.707400 ms (FindLiveObjects: 0.248300 ms CreateObjectMapping: 0.084800 ms MarkObjects: 2.320500 ms  DeleteObjects: 0.052800 ms)

Prepare: number of updated asset objects reloaded= 0
AssetImportParameters requested are different than current active one (requested -> active):
  custom:container-demuxer-ogg: 62fdf1f143b41e24485cea50d1cbac27 -> 
  custom:scripting/monoscript/fileName/SimpleCharacterMotor.cs: 73308a42105915844b02545afaeed931 -> 
  custom:video-codec-MediaFoundation-h265: 746d11721c4dcdbdad8f713fa42b33f4 -> 
  custom:video-decoder-ogg-theora: a1e56fd34408186e4bbccfd4996cb3dc -> 
  custom:framework-win-MediaFoundation: 216162199b28c13a410421893ffa2e32 -> 
  custom:scripting/monoscript/fileName/JetPack.cs: f12c39c79ae36cfc2bfee15e331aab82 -> 
  custom:scripting/monoscript/fileName/AdjustTimeScale.cs: 327a0b5533e8ab4f0f2020c74f1982d5 -> 
  custom:CustomObjectIndexerAttribute: 9a22284fe3817be447336de3de66b15e -> 
  custom:container-demuxer-webm: 4f35f7cbe854078d1ac9338744f61a02 -> 
  custom:scripting/monoscript/fileName/Collectable.cs: 6a6d5954f5faaedbf68170f8b53440ff -> 
  custom:container-muxer-webm: aa71ff27fc2769a1b78a27578f13a17b -> 
  custom:scripting/monoscript/fileName/RandomGem.cs: aa3e321de8efcb4fb9f04fbd1db3082b -> 
  custom:scripting/monoscript/fileName/SpawnEffect.cs: cb2a9cfdca5ae53a81cdf9498a0ceac0 -> 
  custom:video-decoder-webm-vp8: 9c59270c3fd7afecdb556c50c9e8de78 -> 
  custom:scripting/monoscript/fileName/CameraControllerNew.cs: 9afc567523072d385e7e839f14f42a40 -> 
  custom:SearchIndexIgnoredProperties: e643bd26f0fe6173181afceb89e7c659 -> 
  custom:AudioImporter_EditorPlatform: d09bf68614088b80899f8185d706f6e7 -> 
  custom:scripting/monoscript/fileName/RampAsset.cs: 71b119705d7f57ed6fe14ccb53b58180 -> 
  custom:scripting/monoscript/fileName/CameraController.cs: b3b838291c7718e64b87ecc65e643aac -> 9afc567523072d385e7e839f14f42a40
  custom:video-encoder-webm-vp8: eb34c28f22e8b96e1ab97ce403110664 -> 
  custom:scripting/monoscript/fileName/CarController.cs: 07de265e2c4f2a833d66d48919dfc49c -> 
  custom:scripting/monoscript/fileName/PlayerControllerNew.cs: ec4e51010c37f44d5942ba401fffe59c -> 
  custom:audio-decoder-ogg-vorbis: bf7c407c2cedff20999df2af8eb42d56 -> 
  custom:scripting/monoscript/fileName/Collectible.cs: 59ee5c346961cc2a9565a5418420c5c6 -> 
  custom:scripting/monoscript/fileName/RampAssetEditor.cs: 6ef29bf76616753788d0c7e57349af49 -> 
  custom:scripting/monoscript/fileName/PlatformMovement.cs: e9f645776151b23fec52c61150982622 -> 
  custom:audio-encoder-webm-vorbis: bf7c407c2cedff20999df2af8eb42d56 -> 
  custom:scripting/precompiled-assembly-types:Assembly-CSharp-Editor: 715dbfa752d604ba4249c7f9e49cefca -> 
  custom:scripting/precompiled-assembly-types:Assembly-CSharp: 8708aeb977f52f0900dca6014c2c68dd -> 2b4d42f10ed89b9430c9d919cfda074d
  custom:scripting/monoscript/fileName/SimpleCameraController.cs: 9d5e45e836538af465ffb763b138c221 -> 
  custom:scripting/monoscript/fileName/ProximityActivate.cs: d1b8bcfe4622d47766b5b9525cbb9f85 -> 
========================================================================
Received Import Request.
  Time since last request: 18.499366 seconds.
  path: Assets/Week 8/Collectable.prefab
  artifactKey: Guid(5b990942a6c4b984ea72a09e3416d17d) Importer(815301076,1909f56bfc062723c751e8b465ee728b)
Start importing Assets/Week 8/Collectable.prefab using Guid(5b990942a6c4b984ea72a09e3416d17d) Importer(815301076,1909f56bfc062723c751e8b465ee728b) [PhysX] Initialized MultithreadedTaskDispatcher with 16 workers.
[PhysX] Initialized MultithreadedTaskDispatcher with 16 workers.
 -> (artifact id: 'fd05a710e3ff6b27970555400cd03308') in 0.068346 seconds
Number of updated asset objects reloaded before import = 0
Number of asset objects unloaded after import = 32
========================================================================
Received Prepare
Caller must complete domain reload
Begin MonoManager ReloadAssembly
- Loaded All Assemblies, in  0.471 seconds
Native extension for WindowsStandalone target not found
Mono: successfully reloaded assembly
- Finished resetting the current domain, in  0.848 seconds
Domain Reload Profiling: 1317ms
	BeginReloadAssembly (167ms)
		ExecutionOrderSort (0ms)
		DisableScriptedObjects (5ms)
		BackupInstance (0ms)
		ReleaseScriptingObjects (0ms)
		CreateAndSetChildDomain (37ms)
	RebuildCommonClasses (41ms)
	RebuildNativeTypeToScriptingClass (11ms)
	initialDomainReloadingComplete (32ms)
	LoadAllAssembliesAndSetupDomain (217ms)
		LoadAssemblies (286ms)
		RebuildTransferFunctionScriptingTraits (0ms)
		AnalyzeDomain (25ms)
			TypeCache.Refresh (8ms)
				TypeCache.ScanAssembly (0ms)
			ScanForSourceGeneratedMonoScriptInfo (8ms)
			ResolveRequiredComponents (7ms)
	FinalizeReload (848ms)
		ReleaseScriptCaches (0ms)
		RebuildScriptCaches (0ms)
		SetupLoadedEditorAssemblies (339ms)
			LogAssemblyErrors (0ms)
			InitializePlatformSupportModulesInManaged (5ms)
			SetLoadedEditorAssemblies (2ms)
			RefreshPlugins (0ms)
			BeforeProcessingInitializeOnLoad (53ms)
			ProcessInitializeOnLoadAttributes (255ms)
			ProcessInitializeOnLoadMethodAttributes (19ms)
			AfterProcessingInitializeOnLoad (5ms)
			EditorAssembliesLoaded (0ms)
		ExecutionOrderSort2 (0ms)
		AwakeInstancesAfterBackupRestoration (5ms)
Refreshing native plugins compatible for Editor in 3.04 ms, found 3 plugins.
Preloading 0 native plugins for Editor in 0.00 ms.
Unloading 3343 Unused Serialized files (Serialized files now loaded: 0)
Unloading 14 unused Assets / (28.5 KB). Loaded Objects now: 3918.
Memory consumption went from 137.8 MB to 137.8 MB.
Total: 4.668100 ms (FindLiveObjects: 0.269300 ms CreateObjectMapping: 0.229800 ms MarkObjects: 4.091700 ms  DeleteObjects: 0.075900 ms)

Prepare: number of updated asset objects reloaded= 0
AssetImportParameters requested are different than current active one (requested -> active):
  custom:container-demuxer-ogg: 62fdf1f143b41e24485cea50d1cbac27 -> 
  custom:scripting/monoscript/fileName/SimpleCharacterMotor.cs: 73308a42105915844b02545afaeed931 -> 
  custom:video-codec-MediaFoundation-h265: 746d11721c4dcdbdad8f713fa42b33f4 -> 
  custom:video-decoder-ogg-theora: a1e56fd34408186e4bbccfd4996cb3dc -> 
  custom:framework-win-MediaFoundation: 216162199b28c13a410421893ffa2e32 -> 
  custom:scripting/monoscript/fileName/JetPack.cs: f12c39c79ae36cfc2bfee15e331aab82 -> 
  custom:scripting/monoscript/fileName/AdjustTimeScale.cs: 327a0b5533e8ab4f0f2020c74f1982d5 -> 
  custom:CustomObjectIndexerAttribute: 9a22284fe3817be447336de3de66b15e -> 
  custom:container-demuxer-webm: 4f35f7cbe854078d1ac9338744f61a02 -> 
  custom:scripting/monoscript/fileName/Collectable.cs: 6a6d5954f5faaedbf68170f8b53440ff -> 
  custom:container-muxer-webm: aa71ff27fc2769a1b78a27578f13a17b -> 
  custom:scripting/monoscript/fileName/RandomGem.cs: aa3e321de8efcb4fb9f04fbd1db3082b -> 
  custom:scripting/monoscript/fileName/SpawnEffect.cs: cb2a9cfdca5ae53a81cdf9498a0ceac0 -> 
  custom:video-decoder-webm-vp8: 9c59270c3fd7afecdb556c50c9e8de78 -> 
  custom:scripting/monoscript/fileName/CameraControllerNew.cs: 9afc567523072d385e7e839f14f42a40 -> 
  custom:SearchIndexIgnoredProperties: e643bd26f0fe6173181afceb89e7c659 -> 
  custom:AudioImporter_EditorPlatform: d09bf68614088b80899f8185d706f6e7 -> 
  custom:scripting/monoscript/fileName/RampAsset.cs: 71b119705d7f57ed6fe14ccb53b58180 -> 
  custom:scripting/monoscript/fileName/CameraController.cs: b3b838291c7718e64b87ecc65e643aac -> 9afc567523072d385e7e839f14f42a40
  custom:video-encoder-webm-vp8: eb34c28f22e8b96e1ab97ce403110664 -> 
  custom:scripting/monoscript/fileName/CarController.cs: 07de265e2c4f2a833d66d48919dfc49c -> 
  custom:scripting/monoscript/fileName/PlayerControllerNew.cs: ec4e51010c37f44d5942ba401fffe59c -> 
  custom:audio-decoder-ogg-vorbis: bf7c407c2cedff20999df2af8eb42d56 -> 
  custom:scripting/monoscript/fileName/Collectible.cs: 59ee5c346961cc2a9565a5418420c5c6 -> 
  custom:scripting/monoscript/fileName/RampAssetEditor.cs: 6ef29bf76616753788d0c7e57349af49 -> 
  custom:scripting/monoscript/fileName/PlatformMovement.cs: e9f645776151b23fec52c61150982622 -> 
  custom:audio-encoder-webm-vorbis: bf7c407c2cedff20999df2af8eb42d56 -> 
  custom:scripting/precompiled-assembly-types:Assembly-CSharp-Editor: 715dbfa752d604ba4249c7f9e49cefca -> 
  custom:scripting/precompiled-assembly-types:Assembly-CSharp: 8708aeb977f52f0900dca6014c2c68dd -> 2b4d42f10ed89b9430c9d919cfda074d
  custom:scripting/monoscript/fileName/SimpleCameraController.cs: 9d5e45e836538af465ffb763b138c221 -> 
  custom:scripting/monoscript/fileName/ProximityActivate.cs: d1b8bcfe4622d47766b5b9525cbb9f85 -> 
========================================================================
Received Prepare
Caller must complete domain reload
Begin MonoManager ReloadAssembly
- Loaded All Assemblies, in  0.357 seconds
Native extension for WindowsStandalone target not found
Mono: successfully reloaded assembly
- Finished resetting the current domain, in  1.271 seconds
Domain Reload Profiling: 1626ms
	BeginReloadAssembly (136ms)
		ExecutionOrderSort (0ms)
		DisableScriptedObjects (4ms)
		BackupInstance (0ms)
		ReleaseScriptingObjects (0ms)
		CreateAndSetChildDomain (30ms)
	RebuildCommonClasses (27ms)
	RebuildNativeTypeToScriptingClass (8ms)
	initialDomainReloadingComplete (24ms)
	LoadAllAssembliesAndSetupDomain (159ms)
		LoadAssemblies (222ms)
		RebuildTransferFunctionScriptingTraits (0ms)
		AnalyzeDomain (10ms)
			TypeCache.Refresh (4ms)
				TypeCache.ScanAssembly (0ms)
			ScanForSourceGeneratedMonoScriptInfo (0ms)
			ResolveRequiredComponents (4ms)
	FinalizeReload (1271ms)
		ReleaseScriptCaches (0ms)
		RebuildScriptCaches (0ms)
		SetupLoadedEditorAssemblies (710ms)
			LogAssemblyErrors (0ms)
			InitializePlatformSupportModulesInManaged (12ms)
			SetLoadedEditorAssemblies (6ms)
			RefreshPlugins (0ms)
			BeforeProcessingInitializeOnLoad (99ms)
			ProcessInitializeOnLoadAttributes (551ms)
			ProcessInitializeOnLoadMethodAttributes (33ms)
			AfterProcessingInitializeOnLoad (9ms)
			EditorAssembliesLoaded (0ms)
		ExecutionOrderSort2 (0ms)
		AwakeInstancesAfterBackupRestoration (11ms)
Refreshing native plugins compatible for Editor in 7.38 ms, found 3 plugins.
Preloading 0 native plugins for Editor in 0.00 ms.
Unloading 3344 Unused Serialized files (Serialized files now loaded: 0)
Unloading 14 unused Assets / (28.6 KB). Loaded Objects now: 3922.
Memory consumption went from 138.1 MB to 138.1 MB.
Total: 7.039100 ms (FindLiveObjects: 0.620300 ms CreateObjectMapping: 0.524400 ms MarkObjects: 5.836100 ms  DeleteObjects: 0.056900 ms)

Prepare: number of updated asset objects reloaded= 0
AssetImportParameters requested are different than current active one (requested -> active):
  custom:container-demuxer-ogg: 62fdf1f143b41e24485cea50d1cbac27 -> 
  custom:scripting/monoscript/fileName/SimpleCharacterMotor.cs: 73308a42105915844b02545afaeed931 -> 
  custom:video-codec-MediaFoundation-h265: 746d11721c4dcdbdad8f713fa42b33f4 -> 
  custom:video-decoder-ogg-theora: a1e56fd34408186e4bbccfd4996cb3dc -> 
  custom:framework-win-MediaFoundation: 216162199b28c13a410421893ffa2e32 -> 
  custom:scripting/monoscript/fileName/JetPack.cs: f12c39c79ae36cfc2bfee15e331aab82 -> 
  custom:scripting/monoscript/fileName/AdjustTimeScale.cs: 327a0b5533e8ab4f0f2020c74f1982d5 -> 
  custom:CustomObjectIndexerAttribute: 9a22284fe3817be447336de3de66b15e -> 
  custom:container-demuxer-webm: 4f35f7cbe854078d1ac9338744f61a02 -> 
  custom:scripting/monoscript/fileName/Collectable.cs: 6a6d5954f5faaedbf68170f8b53440ff -> 
  custom:container-muxer-webm: aa71ff27fc2769a1b78a27578f13a17b -> 
  custom:scripting/monoscript/fileName/RandomGem.cs: aa3e321de8efcb4fb9f04fbd1db3082b -> 
  custom:scripting/monoscript/fileName/SpawnEffect.cs: cb2a9cfdca5ae53a81cdf9498a0ceac0 -> 
  custom:video-decoder-webm-vp8: 9c59270c3fd7afecdb556c50c9e8de78 -> 
  custom:scripting/monoscript/fileName/CameraControllerNew.cs: 9afc567523072d385e7e839f14f42a40 -> 
  custom:SearchIndexIgnoredProperties: e643bd26f0fe6173181afceb89e7c659 -> 
  custom:AudioImporter_EditorPlatform: d09bf68614088b80899f8185d706f6e7 -> 
  custom:scripting/monoscript/fileName/RampAsset.cs: 71b119705d7f57ed6fe14ccb53b58180 -> 
  custom:scripting/monoscript/fileName/CameraController.cs: b3b838291c7718e64b87ecc65e643aac -> 9afc567523072d385e7e839f14f42a40
  custom:video-encoder-webm-vp8: eb34c28f22e8b96e1ab97ce403110664 -> 
  custom:scripting/monoscript/fileName/CarController.cs: 07de265e2c4f2a833d66d48919dfc49c -> 
  custom:scripting/monoscript/fileName/PlayerControllerNew.cs: ec4e51010c37f44d5942ba401fffe59c -> 
  custom:audio-decoder-ogg-vorbis: bf7c407c2cedff20999df2af8eb42d56 -> 
  custom:scripting/monoscript/fileName/Collectible.cs: 59ee5c346961cc2a9565a5418420c5c6 -> 
  custom:scripting/monoscript/fileName/RampAssetEditor.cs: 6ef29bf76616753788d0c7e57349af49 -> 
  custom:scripting/monoscript/fileName/PlatformMovement.cs: e9f645776151b23fec52c61150982622 -> 
  custom:audio-encoder-webm-vorbis: bf7c407c2cedff20999df2af8eb42d56 -> 
  custom:scripting/precompiled-assembly-types:Assembly-CSharp-Editor: 715dbfa752d604ba4249c7f9e49cefca -> 
  custom:scripting/precompiled-assembly-types:Assembly-CSharp: 8708aeb977f52f0900dca6014c2c68dd -> 2b4d42f10ed89b9430c9d919cfda074d
  custom:scripting/monoscript/fileName/SimpleCameraController.cs: 9d5e45e836538af465ffb763b138c221 -> 
  custom:scripting/monoscript/fileName/ProximityActivate.cs: d1b8bcfe4622d47766b5b9525cbb9f85 -> 
========================================================================
Received Import Request.
  Time since last request: 181.510996 seconds.
  path: Assets/Week 8/Collectables Sound Pack/Collectables Sound Effects Pack/Collectables/Collectable_01.wav
  artifactKey: Guid(02f98902d77f7431cb0c64b9fe4744fc) Importer(815301076,1909f56bfc062723c751e8b465ee728b)
Start importing Assets/Week 8/Collectables Sound Pack/Collectables Sound Effects Pack/Collectables/Collectable_01.wav using Guid(02f98902d77f7431cb0c64b9fe4744fc) Importer(815301076,1909f56bfc062723c751e8b465ee728b) [PhysX] Initialized MultithreadedTaskDispatcher with 16 workers.
[PhysX] Initialized MultithreadedTaskDispatcher with 16 workers.
 -> (artifact id: '93928f07f12f87aa59098df95813ccfb') in 0.063067 seconds
Number of updated asset objects reloaded before import = 0
Number of asset objects unloaded after import = 2
========================================================================
Received Import Request.
  Time since last request: 0.000026 seconds.
  path: Assets/Week 8/Collectables Sound Pack/Collectables Sound Effects Pack/Collectables/Collectable_03.wav
  artifactKey: Guid(11a7e71782ae6430390d783bc08409df) Importer(815301076,1909f56bfc062723c751e8b465ee728b)
Start importing Assets/Week 8/Collectables Sound Pack/Collectables Sound Effects Pack/Collectables/Collectable_03.wav using Guid(11a7e71782ae6430390d783bc08409df) Importer(815301076,1909f56bfc062723c751e8b465ee728b) [PhysX] Initialized MultithreadedTaskDispatcher with 16 workers.
[PhysX] Initialized MultithreadedTaskDispatcher with 16 workers.
 -> (artifact id: '33a383db6e9884ab26832a2f0d7de804') in 0.022087 seconds
Number of updated asset objects reloaded before import = 0
Number of asset objects unloaded after import = 2
========================================================================
Received Import Request.
  Time since last request: 0.000025 seconds.
  path: Assets/Week 8/Collectables Sound Pack/Collectables Sound Effects Pack/Collectables/Collectable_05.wav
  artifactKey: Guid(f17bac10ee4c44148a1e9088e7540c55) Importer(815301076,1909f56bfc062723c751e8b465ee728b)
Start importing Assets/Week 8/Collectables Sound Pack/Collectables Sound Effects Pack/Collectables/Collectable_05.wav using Guid(f17bac10ee4c44148a1e9088e7540c55) Importer(815301076,1909f56bfc062723c751e8b465ee728b) [PhysX] Initialized MultithreadedTaskDispatcher with 16 workers.
[PhysX] Initialized MultithreadedTaskDispatcher with 16 workers.
 -> (artifact id: '2e0c211e5d1e98728c8619ce934c73d7') in 0.019532 seconds
Number of updated asset objects reloaded before import = 0
Number of asset objects unloaded after import = 2
========================================================================
Received Import Request.
  Time since last request: 0.000060 seconds.
  path: Assets/Week 8/Collectables Sound Pack/Collectables Sound Effects Pack/Collectables/Collectable_09.wav
  artifactKey: Guid(4bc21899eae7448ccaf4ebdd49cfcd9f) Importer(815301076,1909f56bfc062723c751e8b465ee728b)
Start importing Assets/Week 8/Collectables Sound Pack/Collectables Sound Effects Pack/Collectables/Collectable_09.wav using Guid(4bc21899eae7448ccaf4ebdd49cfcd9f) Importer(815301076,1909f56bfc062723c751e8b465ee728b) [PhysX] Initialized MultithreadedTaskDispatcher with 16 workers.
[PhysX] Initialized MultithreadedTaskDispatcher with 16 workers.
 -> (artifact id: 'fc0bf7f5a30bf5bcb3af59faa8204892') in 0.021565 seconds
Number of updated asset objects reloaded before import = 0
Number of asset objects unloaded after import = 2
========================================================================
Received Import Request.
  Time since last request: 0.000018 seconds.
  path: Assets/Week 8/Collectables Sound Pack/Collectables Sound Effects Pack/Collectables/Collectable_02.wav
  artifactKey: Guid(3c392e6befcab436bae9c198f4ea422c) Importer(815301076,1909f56bfc062723c751e8b465ee728b)
Start importing Assets/Week 8/Collectables Sound Pack/Collectables Sound Effects Pack/Collectables/Collectable_02.wav using Guid(3c392e6befcab436bae9c198f4ea422c) Importer(815301076,1909f56bfc062723c751e8b465ee728b) [PhysX] Initialized MultithreadedTaskDispatcher with 16 workers.
[PhysX] Initialized MultithreadedTaskDispatcher with 16 workers.
 -> (artifact id: 'e9e954d1ad19315e3dbf600e419ca0f4') in 0.020754 seconds
Number of updated asset objects reloaded before import = 0
Number of asset objects unloaded after import = 2
========================================================================
Received Prepare
Caller must complete domain reload
Begin MonoManager ReloadAssembly
- Loaded All Assemblies, in  0.679 seconds
Native extension for WindowsStandalone target not found
Mono: successfully reloaded assembly
- Finished resetting the current domain, in  1.626 seconds
Domain Reload Profiling: 2302ms
	BeginReloadAssembly (227ms)
		ExecutionOrderSort (0ms)
		DisableScriptedObjects (10ms)
		BackupInstance (0ms)
		ReleaseScriptingObjects (0ms)
		CreateAndSetChildDomain (42ms)
	RebuildCommonClasses (55ms)
	RebuildNativeTypeToScriptingClass (21ms)
	initialDomainReloadingComplete (46ms)
	LoadAllAssembliesAndSetupDomain (325ms)
		LoadAssemblies (422ms)
		RebuildTransferFunctionScriptingTraits (0ms)
		AnalyzeDomain (36ms)
			TypeCache.Refresh (11ms)
				TypeCache.ScanAssembly (1ms)
			ScanForSourceGeneratedMonoScriptInfo (14ms)
			ResolveRequiredComponents (7ms)
	FinalizeReload (1627ms)
		ReleaseScriptCaches (0ms)
		RebuildScriptCaches (0ms)
		SetupLoadedEditorAssemblies (726ms)
			LogAssemblyErrors (0ms)
			InitializePlatformSupportModulesInManaged (12ms)
			SetLoadedEditorAssemblies (6ms)
			RefreshPlugins (0ms)
			BeforeProcessingInitializeOnLoad (119ms)
			ProcessInitializeOnLoadAttributes (545ms)
			ProcessInitializeOnLoadMethodAttributes (36ms)
			AfterProcessingInitializeOnLoad (8ms)
			EditorAssembliesLoaded (0ms)
		ExecutionOrderSort2 (0ms)
		AwakeInstancesAfterBackupRestoration (10ms)
Refreshing native plugins compatible for Editor in 3.06 ms, found 3 plugins.
Preloading 0 native plugins for Editor in 0.00 ms.
Unloading 3343 Unused Serialized files (Serialized files now loaded: 0)
Unloading 14 unused Assets / (28.6 KB). Loaded Objects now: 3926.
Memory consumption went from 137.9 MB to 137.8 MB.
Total: 4.110700 ms (FindLiveObjects: 0.289800 ms CreateObjectMapping: 0.098900 ms MarkObjects: 3.637200 ms  DeleteObjects: 0.083500 ms)

Prepare: number of updated asset objects reloaded= 0
AssetImportParameters requested are different than current active one (requested -> active):
  custom:container-demuxer-ogg: 62fdf1f143b41e24485cea50d1cbac27 -> 
  custom:scripting/monoscript/fileName/SimpleCharacterMotor.cs: 73308a42105915844b02545afaeed931 -> 
  custom:video-codec-MediaFoundation-h265: 746d11721c4dcdbdad8f713fa42b33f4 -> 
  custom:video-decoder-ogg-theora: a1e56fd34408186e4bbccfd4996cb3dc -> 
  custom:framework-win-MediaFoundation: 216162199b28c13a410421893ffa2e32 -> 
  custom:scripting/monoscript/fileName/JetPack.cs: f12c39c79ae36cfc2bfee15e331aab82 -> 
  custom:scripting/monoscript/fileName/AdjustTimeScale.cs: 327a0b5533e8ab4f0f2020c74f1982d5 -> 
  custom:CustomObjectIndexerAttribute: 9a22284fe3817be447336de3de66b15e -> 
  custom:container-demuxer-webm: 4f35f7cbe854078d1ac9338744f61a02 -> 
  custom:scripting/monoscript/fileName/Collectable.cs: 6a6d5954f5faaedbf68170f8b53440ff -> 
  custom:container-muxer-webm: aa71ff27fc2769a1b78a27578f13a17b -> 
  custom:scripting/monoscript/fileName/RandomGem.cs: aa3e321de8efcb4fb9f04fbd1db3082b -> 
  custom:scripting/monoscript/fileName/SpawnEffect.cs: cb2a9cfdca5ae53a81cdf9498a0ceac0 -> 
  custom:video-decoder-webm-vp8: 9c59270c3fd7afecdb556c50c9e8de78 -> 
  custom:scripting/monoscript/fileName/CameraControllerNew.cs: 9afc567523072d385e7e839f14f42a40 -> 
  custom:SearchIndexIgnoredProperties: e643bd26f0fe6173181afceb89e7c659 -> 
  custom:AudioImporter_EditorPlatform: d09bf68614088b80899f8185d706f6e7 -> 
  custom:scripting/monoscript/fileName/RampAsset.cs: 71b119705d7f57ed6fe14ccb53b58180 -> 
  custom:scripting/monoscript/fileName/CameraController.cs: b3b838291c7718e64b87ecc65e643aac -> 9afc567523072d385e7e839f14f42a40
  custom:video-encoder-webm-vp8: eb34c28f22e8b96e1ab97ce403110664 -> 
  custom:scripting/monoscript/fileName/CarController.cs: 07de265e2c4f2a833d66d48919dfc49c -> 
  custom:scripting/monoscript/fileName/PlayerControllerNew.cs: ec4e51010c37f44d5942ba401fffe59c -> 
  custom:audio-decoder-ogg-vorbis: bf7c407c2cedff20999df2af8eb42d56 -> 
  custom:scripting/monoscript/fileName/Collectible.cs: 59ee5c346961cc2a9565a5418420c5c6 -> 
  custom:scripting/monoscript/fileName/RampAssetEditor.cs: 6ef29bf76616753788d0c7e57349af49 -> 
  custom:scripting/monoscript/fileName/PlatformMovement.cs: e9f645776151b23fec52c61150982622 -> 
  custom:audio-encoder-webm-vorbis: bf7c407c2cedff20999df2af8eb42d56 -> 
  custom:scripting/precompiled-assembly-types:Assembly-CSharp-Editor: 715dbfa752d604ba4249c7f9e49cefca -> 
  custom:scripting/precompiled-assembly-types:Assembly-CSharp: 8708aeb977f52f0900dca6014c2c68dd -> 2b4d42f10ed89b9430c9d919cfda074d
  custom:scripting/monoscript/fileName/SimpleCameraController.cs: 9d5e45e836538af465ffb763b138c221 -> 
  custom:scripting/monoscript/fileName/ProximityActivate.cs: d1b8bcfe4622d47766b5b9525cbb9f85 -> 
========================================================================
Received Prepare
Caller must complete domain reload
Begin MonoManager ReloadAssembly
- Loaded All Assemblies, in  0.417 seconds
Native extension for WindowsStandalone target not found
Mono: successfully reloaded assembly
- Finished resetting the current domain, in  1.058 seconds
Domain Reload Profiling: 1473ms
	BeginReloadAssembly (149ms)
		ExecutionOrderSort (0ms)
		DisableScriptedObjects (5ms)
		BackupInstance (0ms)
		ReleaseScriptingObjects (0ms)
		CreateAndSetChildDomain (31ms)
	RebuildCommonClasses (34ms)
	RebuildNativeTypeToScriptingClass (10ms)
	initialDomainReloadingComplete (28ms)
	LoadAllAssembliesAndSetupDomain (194ms)
		LoadAssemblies (266ms)
		RebuildTransferFunctionScriptingTraits (0ms)
		AnalyzeDomain (12ms)
			TypeCache.Refresh (5ms)
				TypeCache.ScanAssembly (0ms)
			ScanForSourceGeneratedMonoScriptInfo (0ms)
			ResolveRequiredComponents (5ms)
	FinalizeReload (1058ms)
		ReleaseScriptCaches (0ms)
		RebuildScriptCaches (0ms)
		SetupLoadedEditorAssemblies (535ms)
			LogAssemblyErrors (0ms)
			InitializePlatformSupportModulesInManaged (6ms)
			SetLoadedEditorAssemblies (2ms)
			RefreshPlugins (0ms)
			BeforeProcessingInitializeOnLoad (67ms)
			ProcessInitializeOnLoadAttributes (425ms)
			ProcessInitializeOnLoadMethodAttributes (28ms)
			AfterProcessingInitializeOnLoad (7ms)
			EditorAssembliesLoaded (0ms)
		ExecutionOrderSort2 (0ms)
		AwakeInstancesAfterBackupRestoration (8ms)
Refreshing native plugins compatible for Editor in 2.71 ms, found 3 plugins.
Preloading 0 native plugins for Editor in 0.00 ms.
Unloading 3344 Unused Serialized files (Serialized files now loaded: 0)
Unloading 14 unused Assets / (28.6 KB). Loaded Objects now: 3930.
Memory consumption went from 138.1 MB to 138.1 MB.
Total: 3.829700 ms (FindLiveObjects: 0.515600 ms CreateObjectMapping: 0.092800 ms MarkObjects: 3.167900 ms  DeleteObjects: 0.051700 ms)

Prepare: number of updated asset objects reloaded= 0
AssetImportParameters requested are different than current active one (requested -> active):
  custom:container-demuxer-ogg: 62fdf1f143b41e24485cea50d1cbac27 -> 
  custom:scripting/monoscript/fileName/SimpleCharacterMotor.cs: 73308a42105915844b02545afaeed931 -> 
  custom:video-codec-MediaFoundation-h265: 746d11721c4dcdbdad8f713fa42b33f4 -> 
  custom:video-decoder-ogg-theora: a1e56fd34408186e4bbccfd4996cb3dc -> 
  custom:framework-win-MediaFoundation: 216162199b28c13a410421893ffa2e32 -> 
  custom:scripting/monoscript/fileName/JetPack.cs: f12c39c79ae36cfc2bfee15e331aab82 -> 
  custom:scripting/monoscript/fileName/AdjustTimeScale.cs: 327a0b5533e8ab4f0f2020c74f1982d5 -> 
  custom:CustomObjectIndexerAttribute: 9a22284fe3817be447336de3de66b15e -> 
  custom:container-demuxer-webm: 4f35f7cbe854078d1ac9338744f61a02 -> 
  custom:scripting/monoscript/fileName/Collectable.cs: 6a6d5954f5faaedbf68170f8b53440ff -> 
  custom:container-muxer-webm: aa71ff27fc2769a1b78a27578f13a17b -> 
  custom:scripting/monoscript/fileName/RandomGem.cs: aa3e321de8efcb4fb9f04fbd1db3082b -> 
  custom:scripting/monoscript/fileName/SpawnEffect.cs: cb2a9cfdca5ae53a81cdf9498a0ceac0 -> 
  custom:video-decoder-webm-vp8: 9c59270c3fd7afecdb556c50c9e8de78 -> 
  custom:scripting/monoscript/fileName/CameraControllerNew.cs: 9afc567523072d385e7e839f14f42a40 -> 
  custom:SearchIndexIgnoredProperties: e643bd26f0fe6173181afceb89e7c659 -> 
  custom:AudioImporter_EditorPlatform: d09bf68614088b80899f8185d706f6e7 -> 
  custom:scripting/monoscript/fileName/RampAsset.cs: 71b119705d7f57ed6fe14ccb53b58180 -> 
  custom:scripting/monoscript/fileName/CameraController.cs: b3b838291c7718e64b87ecc65e643aac -> 9afc567523072d385e7e839f14f42a40
  custom:video-encoder-webm-vp8: eb34c28f22e8b96e1ab97ce403110664 -> 
  custom:scripting/monoscript/fileName/CarController.cs: 07de265e2c4f2a833d66d48919dfc49c -> 
  custom:scripting/monoscript/fileName/PlayerControllerNew.cs: ec4e51010c37f44d5942ba401fffe59c -> 
  custom:audio-decoder-ogg-vorbis: bf7c407c2cedff20999df2af8eb42d56 -> 
  custom:scripting/monoscript/fileName/Collectible.cs: 59ee5c346961cc2a9565a5418420c5c6 -> 
  custom:scripting/monoscript/fileName/RampAssetEditor.cs: 6ef29bf76616753788d0c7e57349af49 -> 
  custom:scripting/monoscript/fileName/PlatformMovement.cs: e9f645776151b23fec52c61150982622 -> 
  custom:audio-encoder-webm-vorbis: bf7c407c2cedff20999df2af8eb42d56 -> 
  custom:scripting/precompiled-assembly-types:Assembly-CSharp-Editor: 715dbfa752d604ba4249c7f9e49cefca -> 
  custom:scripting/precompiled-assembly-types:Assembly-CSharp: 8708aeb977f52f0900dca6014c2c68dd -> 2b4d42f10ed89b9430c9d919cfda074d
  custom:scripting/monoscript/fileName/SimpleCameraController.cs: 9d5e45e836538af465ffb763b138c221 -> 
  custom:scripting/monoscript/fileName/ProximityActivate.cs: d1b8bcfe4622d47766b5b9525cbb9f85 -> 
Editor requested this worker to shutdown with reason: Scaling down because of idle timeout
TcpMessagingSession - receive error: operation aborted. errorcode: 995, details: The I/O operation has been aborted because of either a thread exit or an application request.
AssetImportWorker is now disconnected from the server
Process exiting
Exiting without the bug reporter. Application will terminate with return code 0